<?xml version="1.0" encoding="UTF-8"?>
<robot generator="Robot 7.2.2 (Python 3.13.3 on win32)" generated="2025-06-17T21:09:48.286630" rpa="false" schemaversion="5">
<suite id="s1" name="List" source="C:\03 - Projetos\QAspirants\serverest\tests\shoppingList\list.robot">
<test id="s1-t1" name="CT01 - Add product to cart" line="10">
<kw name="Start Session" owner="base" type="SETUP">
<kw name="New Browser" owner="Browser">
<msg time="2025-06-17T21:09:48.753775" level="INFO">{"browser": "chromium", "headless": false, "chromiumSandbox": false, "devtools": false, "handleSIGHUP": true, "handleSIGINT": true, "handleSIGTERM": true, "slowMo": 0.0, "timeout": 30000.0, "tracesDir": "C:\\03 - Projetos\\QAspirants\\log\\browser\\traces\\temp\\4f467ada-48f3-4c34-9406-143b1b2236bd"}</msg>
<msg time="2025-06-17T21:09:48.810538" level="INFO">Starting Browser process C:\Users\Eduarda Correia\AppData\Local\Programs\Python\Python313\Lib\site-packages\Browser\wrapper\index.js using at 127.0.0.1:65321</msg>
<msg time="2025-06-17T21:09:53.078752" level="INFO">Successfully created browser with options: {"browser":"chromium","headless":false,"chromiumSandbox":false,"devtools":false,"handleSIGHUP":true,"handleSIGINT":true,"handleSIGTERM":true,"slowMo":0,"timeout":30000,"tracesDir":"C:\\03 - Projetos\\QAspirants\\log\\browser\\traces\\temp\\4f467ada-48f3-4c34-9406-143b1b2236bd"}</msg>
<arg>browser=${BROWSER}</arg>
<arg>headless=${False}</arg>
<tag>BrowserControl</tag>
<tag>Setter</tag>
<doc>Create a new playwright Browser with specified options.</doc>
<status status="PASS" start="2025-06-17T21:09:48.752841" elapsed="4.326234"/>
</kw>
<kw name="New Page" owner="Browser">
<msg time="2025-06-17T21:09:56.379965" level="INFO">Successfully initialized new page object and opened url: https://compassuolfront.serverest.dev</msg>
<msg time="2025-06-17T21:09:56.380137" level="INFO">No context was open. New context was automatically opened when this page is created.</msg>
<arg>${BASE_URL}</arg>
<tag>BrowserControl</tag>
<tag>Setter</tag>
<doc>Open a new Page.</doc>
<status status="PASS" start="2025-06-17T21:09:53.079487" elapsed="3.301124"/>
</kw>
<status status="PASS" start="2025-06-17T21:09:48.751894" elapsed="7.629115"/>
</kw>
<kw name="Generate Random String" owner="String">
<msg time="2025-06-17T21:09:56.386872" level="INFO">${random} = UHsL6BAI</msg>
<var>${random}</var>
<arg>8</arg>
<doc>Generates a string with a desired ``length`` from the given ``chars``.</doc>
<status status="PASS" start="2025-06-17T21:09:56.385385" elapsed="0.001575"/>
</kw>
<kw name="Create Dictionary" owner="BuiltIn">
<msg time="2025-06-17T21:09:56.388892" level="INFO">${user} = {'name': 'Maria Eduarda', 'email': 'mariatesteUHsL6BAI@gmail.com', 'password': '123456'}</msg>
<var>${user}</var>
<arg>name=Maria Eduarda</arg>
<arg>email=mariateste${random}@gmail.com</arg>
<arg>password=123456</arg>
<doc>Creates and returns a dictionary based on the given ``items``.</doc>
<status status="PASS" start="2025-06-17T21:09:56.387685" elapsed="0.001312"/>
</kw>
<kw name="Go to signup" owner="ListPage">
<kw name="Go To" owner="Browser">
<msg time="2025-06-17T21:09:57.631872" level="INFO">Successfully opened URL https://compassuolfront.serverest.dev/cadastrarusuarios</msg>
<arg>${BASE_URL}/cadastrarusuarios</arg>
<tag>BrowserControl</tag>
<tag>Setter</tag>
<doc>Navigates to the given ``url``.</doc>
<status status="PASS" start="2025-06-17T21:09:56.391352" elapsed="1.241003"/>
</kw>
<kw name="Wait For Elements State" owner="Browser">
<msg time="2025-06-17T21:09:57.756637" level="INFO">Waited for Element with selector xpath=//h2 at state visible</msg>
<arg>xpath=//h2</arg>
<arg>visible</arg>
<arg>5</arg>
<tag>PageContent</tag>
<tag>Wait</tag>
<doc>Waits for the element found by ``selector`` to satisfy state option.</doc>
<status status="PASS" start="2025-06-17T21:09:57.632780" elapsed="0.124152"/>
</kw>
<kw name="Get Text" owner="Browser">
<msg time="2025-06-17T21:09:57.830255" level="INFO">Text: 'Cadastro'</msg>
<arg>xpath=//h2</arg>
<arg>equal</arg>
<arg>Cadastro</arg>
<tag>Assertion</tag>
<tag>Getter</tag>
<tag>PageContent</tag>
<doc>Returns text attribute of the element found by ``selector``.</doc>
<status status="PASS" start="2025-06-17T21:09:57.757707" elapsed="0.072705"/>
</kw>
<status status="PASS" start="2025-06-17T21:09:56.389731" elapsed="1.440857"/>
</kw>
<kw name="Submit signup form" owner="ListPage">
<kw name="Fill Text" owner="Browser">
<msg time="2025-06-17T21:09:57.833612" level="INFO">Fills the text 'Maria Eduarda' in the given field.</msg>
<arg>css=input[data-testid=nome]</arg>
<arg>${user}[name]</arg>
<tag>PageContent</tag>
<tag>Setter</tag>
<doc>Clears and fills the given ``txt`` into the text field found by ``selector``.</doc>
<status status="PASS" start="2025-06-17T21:09:57.832432" elapsed="0.145078"/>
</kw>
<kw name="Fill Text" owner="Browser">
<msg time="2025-06-17T21:09:57.979368" level="INFO">Fills the text 'mariatesteUHsL6BAI@gmail.com' in the given field.</msg>
<arg>css=input[data-testid=email]</arg>
<arg>${user}[email]</arg>
<tag>PageContent</tag>
<tag>Setter</tag>
<doc>Clears and fills the given ``txt`` into the text field found by ``selector``.</doc>
<status status="PASS" start="2025-06-17T21:09:57.977955" elapsed="0.071992"/>
</kw>
<kw name="Fill Text" owner="Browser">
<msg time="2025-06-17T21:09:58.051113" level="INFO">Fills the text '123456' in the given field.</msg>
<arg>css=input[data-testid=password]</arg>
<arg>${user}[password]</arg>
<tag>PageContent</tag>
<tag>Setter</tag>
<doc>Clears and fills the given ``txt`` into the text field found by ``selector``.</doc>
<status status="PASS" start="2025-06-17T21:09:58.050284" elapsed="0.045492"/>
</kw>
<kw name="Click" owner="Browser">
<msg time="2025-06-17T21:09:58.097740" level="INFO">Clicks the element 'css=button[data-testid=cadastrar]'.</msg>
<arg>css=button[data-testid=cadastrar]</arg>
<tag>PageContent</tag>
<tag>Setter</tag>
<doc>Simulates mouse click on the element found by ``selector``.</doc>
<status status="PASS" start="2025-06-17T21:09:58.096178" elapsed="0.129288"/>
</kw>
<arg>${user}</arg>
<status status="PASS" start="2025-06-17T21:09:57.831107" elapsed="0.394608"/>
</kw>
<kw name="User should be logged in" owner="Header">
<kw name="Set Variable" owner="BuiltIn">
<msg time="2025-06-17T21:09:58.234124" level="INFO">${element} = css=.jumbotron h1</msg>
<var>${element}</var>
<arg>css=.jumbotron h1</arg>
<doc>Returns the given values which can then be assigned to a variables.</doc>
<status status="PASS" start="2025-06-17T21:09:58.233346" elapsed="0.000873"/>
</kw>
<kw name="Wait For Elements State" owner="Browser">
<msg time="2025-06-17T21:10:02.596962" level="INFO">Waited for Element with selector css=.jumbotron h1 at state visible</msg>
<arg>${element}</arg>
<arg>visible</arg>
<arg>5</arg>
<tag>PageContent</tag>
<tag>Wait</tag>
<doc>Waits for the element found by ``selector`` to satisfy state option.</doc>
<status status="PASS" start="2025-06-17T21:09:58.234566" elapsed="4.362851"/>
</kw>
<kw name="Get Text" owner="Browser">
<msg time="2025-06-17T21:10:02.629236" level="INFO">Text: 'Serverest Store'</msg>
<arg>${element}</arg>
<arg>equal</arg>
<arg>Serverest Store</arg>
<tag>Assertion</tag>
<tag>Getter</tag>
<tag>PageContent</tag>
<doc>Returns text attribute of the element found by ``selector``.</doc>
<status status="PASS" start="2025-06-17T21:10:02.597828" elapsed="0.031622"/>
</kw>
<arg>${user}[name]</arg>
<status status="PASS" start="2025-06-17T21:09:58.231860" elapsed="4.397868"/>
</kw>
<kw name="Sleep" owner="BuiltIn">
<msg time="2025-06-17T21:10:07.631610" level="INFO">Slept 5 seconds.</msg>
<arg>5</arg>
<doc>Pauses the test executed for the given time.</doc>
<status status="PASS" start="2025-06-17T21:10:02.630383" elapsed="5.001527"/>
</kw>
<kw name="Add First Two Products to Cart" owner="ListPage">
<kw name="Click" owner="Browser">
<msg time="2025-06-17T21:10:07.636568" level="INFO">Clicks the element '(//div[contains(@class, 'container-fluid')]//div[contains(@class, 'card') and contains(@class, 'col-3')])[1]//button[@data-testid='adicionarNaLista']'.</msg>
<arg>(//div[contains(@class, 'container-fluid')]//div[contains(@class, 'card') and contains(@class, 'col-3')])[1]//button[@data-testid='adicionarNaLista']</arg>
<tag>PageContent</tag>
<tag>Setter</tag>
<doc>Simulates mouse click on the element found by ``selector``.</doc>
<status status="PASS" start="2025-06-17T21:10:07.634819" elapsed="0.108504"/>
</kw>
<kw name="Sleep" owner="BuiltIn">
<msg time="2025-06-17T21:10:08.245926" level="INFO">Slept 500 milliseconds.</msg>
<arg>0.5s</arg>
<doc>Pauses the test executed for the given time.</doc>
<status status="PASS" start="2025-06-17T21:10:07.743682" elapsed="0.502379"/>
</kw>
<kw name="Go To" owner="Browser">
<msg time="2025-06-17T21:10:08.993612" level="INFO">Successfully opened URL https://compassuolfront.serverest.dev/home</msg>
<arg>https://compassuolfront.serverest.dev/home</arg>
<tag>BrowserControl</tag>
<tag>Setter</tag>
<doc>Navigates to the given ``url``.</doc>
<status status="PASS" start="2025-06-17T21:10:08.246269" elapsed="0.748050"/>
</kw>
<kw name="Wait For Elements State" owner="Browser">
<msg time="2025-06-17T21:10:09.882850" level="INFO">Waited for Element with selector (//div[contains(@class, 'container-fluid')]//div[contains(@class, 'card') and contains(@class, 'col-3')])[2]//button[@data-testid='adicionarNaLista'] at state visible</msg>
<arg>(//div[contains(@class, 'container-fluid')]//div[contains(@class, 'card') and contains(@class, 'col-3')])[2]//button[@data-testid='adicionarNaLista']</arg>
<arg>visible</arg>
<arg>timeout=15s</arg>
<tag>PageContent</tag>
<tag>Wait</tag>
<doc>Waits for the element found by ``selector`` to satisfy state option.</doc>
<status status="PASS" start="2025-06-17T21:10:08.994708" elapsed="0.888368"/>
</kw>
<kw name="Click" owner="Browser">
<msg time="2025-06-17T21:10:09.883999" level="INFO">Clicks the element '(//div[contains(@class, 'container-fluid')]//div[contains(@class, 'card') and contains(@class, 'col-3')])[2]//button[@data-testid='adicionarNaLista']'.</msg>
<arg>(//div[contains(@class, 'container-fluid')]//div[contains(@class, 'card') and contains(@class, 'col-3')])[2]//button[@data-testid='adicionarNaLista']</arg>
<tag>PageContent</tag>
<tag>Setter</tag>
<doc>Simulates mouse click on the element found by ``selector``.</doc>
<status status="PASS" start="2025-06-17T21:10:09.883326" elapsed="0.069549"/>
</kw>
<kw name="Sleep" owner="BuiltIn">
<msg time="2025-06-17T21:10:10.453954" level="INFO">Slept 500 milliseconds.</msg>
<arg>0.5s</arg>
<doc>Pauses the test executed for the given time.</doc>
<status status="PASS" start="2025-06-17T21:10:09.953232" elapsed="0.500889"/>
</kw>
<status status="PASS" start="2025-06-17T21:10:07.632916" elapsed="2.821331"/>
</kw>
<kw name="Take Screenshot" owner="Browser" type="TEARDOWN">
<msg time="2025-06-17T21:10:10.623418" level="INFO" html="true">&lt;/td&gt;&lt;/tr&gt;&lt;tr&gt;&lt;td colspan="3"&gt;&lt;a href="browser/screenshot/robotframework-browser-screenshot-1.png" target="_blank"&gt;&lt;img src="browser/screenshot/robotframework-browser-screenshot-1.png" width="800px"/&gt;&lt;/a&gt;</msg>
<tag>PageContent</tag>
<doc>Takes a screenshot of the current window or element and saves it to disk.</doc>
<status status="PASS" start="2025-06-17T21:10:10.454799" elapsed="0.168817"/>
</kw>
<msg time="2025-06-17T21:10:10.651057" level="INFO">Switching context to context=6081d79c-e40f-4baf-ab6c-9d5ae84e8010 in CURRENT</msg>
<msg time="2025-06-17T21:10:10.664460" level="INFO">Successfully changed active context: context=6081d79c-e40f-4baf-ab6c-9d5ae84e8010</msg>
<msg time="2025-06-17T21:10:10.822154" level="INFO">Successfully closed Context</msg>
<tag>list</tag>
<tag>Positivo</tag>
<status status="PASS" start="2025-06-17T21:09:48.750738" elapsed="21.873305"/>
</test>
<doc>Ações para o fluxo de carrinho/lista de compras</doc>
<status status="PASS" start="2025-06-17T21:09:48.289863" elapsed="22.561528"/>
</suite>
<statistics>
<total>
<stat pass="1" fail="0" skip="0">All Tests</stat>
</total>
<tag>
<stat pass="1" fail="0" skip="0">list</stat>
<stat pass="1" fail="0" skip="0">Positivo</stat>
</tag>
<suite>
<stat name="List" id="s1" pass="1" fail="0" skip="0">List</stat>
</suite>
</statistics>
<errors>
</errors>
</robot>
