<?xml version="1.0" encoding="UTF-8"?>
<robot generator="Robot 7.3.1 (Python 3.12.7 on linux)" generated="2025-06-18T03:45:20.016588" rpa="false" schemaversion="5">
<suite id="s1" name="Products" source="/home/cortes/Documents/Compass_Estágio/QAspirants/QAspirants/serverest/tests/products">
<suite id="s1-s1" name="Products" source="/home/cortes/Documents/Compass_Estágio/QAspirants/QAspirants/serverest/tests/products/products.robot">
<test id="s1-s1-t1" name="Registering a new product" line="12">
<kw name="Start Session" owner="base" type="SETUP">
<kw name="New Browser" owner="Browser">
<msg time="2025-06-18T03:45:20.430525" level="INFO">{"browser": "chromium", "headless": false, "chromiumSandbox": false, "devtools": false, "handleSIGHUP": true, "handleSIGINT": true, "handleSIGTERM": true, "slowMo": 0.0, "timeout": 30000.0, "tracesDir": "/home/cortes/Documents/Compass_Est\u00e1gio/QAspirants/QAspirants/serverest/logs/browser/traces/temp/a4dd1706-c489-46ee-a764-300e60d6ccb6"}</msg>
<msg time="2025-06-18T03:45:20.437912" level="INFO">Starting Browser process /home/cortes/Documents/Compass_Estágio/QAspirants/QAspirants/venv/lib/python3.12/site-packages/Browser/wrapper/index.js using at 127.0.0.1:49765</msg>
<msg time="2025-06-18T03:45:21.617494" level="INFO">Successfully created browser with options: {"browser":"chromium","headless":false,"chromiumSandbox":false,"devtools":false,"handleSIGHUP":true,"handleSIGINT":true,"handleSIGTERM":true,"slowMo":0,"timeout":30000,"tracesDir":"/home/cortes/Documents/Compass_Estágio/QAspirants/QAspirants/serverest/logs/browser/traces/temp/a4dd1706-c489-46ee-a764-300e60d6ccb6"}</msg>
<arg>browser=${BROWSER}</arg>
<arg>headless=${False}</arg>
<tag>BrowserControl</tag>
<tag>Setter</tag>
<doc>Create a new playwright Browser with specified options.</doc>
<status status="PASS" start="2025-06-18T03:45:20.429468" elapsed="1.188268"/>
</kw>
<kw name="New Page" owner="Browser">
<msg time="2025-06-18T03:45:27.505811" level="INFO">Successfully initialized new page object and opened url: https://compassuolfront.serverest.dev</msg>
<msg time="2025-06-18T03:45:27.505929" level="INFO">No context was open. New context was automatically opened when this page is created.</msg>
<arg>${BASE_URL}</arg>
<tag>BrowserControl</tag>
<tag>Setter</tag>
<doc>Open a new Page.</doc>
<status status="PASS" start="2025-06-18T03:45:21.618048" elapsed="5.888081"/>
</kw>
<status status="PASS" start="2025-06-18T03:45:20.428080" elapsed="7.078263"/>
</kw>
<kw name="Name" owner="FakerLibrary">
<msg time="2025-06-18T03:45:27.507345" level="INFO">${name} = Jessica Osborne</msg>
<var>${name}</var>
<doc>:example: 'John Doe'</doc>
<status status="PASS" start="2025-06-18T03:45:27.506655" elapsed="0.000742"/>
</kw>
<kw name="Free Email" owner="FakerLibrary">
<msg time="2025-06-18T03:45:27.508331" level="INFO">${email} = wardgregory@gmail.com</msg>
<var>${email}</var>
<status status="PASS" start="2025-06-18T03:45:27.507702" elapsed="0.000681"/>
</kw>
<kw name="Set Variable" owner="BuiltIn">
<msg time="2025-06-18T03:45:27.508936" level="INFO">${password} = pwd123</msg>
<var>${password}</var>
<arg>pwd123</arg>
<doc>Returns the given values which can then be assigned to a variables.</doc>
<status status="PASS" start="2025-06-18T03:45:27.508642" elapsed="0.000338"/>
</kw>
<kw name="Create Dictionary" owner="BuiltIn">
<msg time="2025-06-18T03:45:27.509983" level="INFO">&amp;{user} = { nome=Jessica Osborne | email=wardgregory@gmail.com | password=pwd123 }</msg>
<var>&amp;{user}</var>
<arg>nome=${name}</arg>
<arg>email=${email}</arg>
<arg>password=${password}</arg>
<doc>Creates and returns a dictionary based on the given ``items``.</doc>
<status status="PASS" start="2025-06-18T03:45:27.509235" elapsed="0.000818"/>
</kw>
<kw name="Go to signup Page" owner="SignupPage">
<kw name="Go To" owner="Browser">
<msg time="2025-06-18T03:45:28.184544" level="INFO">Successfully opened URL https://compassuolfront.serverest.dev/cadastrarusuarios</msg>
<arg>${BASE_URL}/cadastrarusuarios</arg>
<tag>BrowserControl</tag>
<tag>Setter</tag>
<doc>Navigates to the given ``url``.</doc>
<status status="PASS" start="2025-06-18T03:45:27.510959" elapsed="0.673925"/>
</kw>
<kw name="Wait For Elements State" owner="Browser">
<msg time="2025-06-18T03:45:28.293298" level="INFO">Waited for Element with selector xpath=//h2 at state visible</msg>
<arg>xpath=//h2</arg>
<arg>visible</arg>
<arg>5</arg>
<tag>PageContent</tag>
<tag>Wait</tag>
<doc>Waits for the element found by ``selector`` to satisfy state option.</doc>
<status status="PASS" start="2025-06-18T03:45:28.185306" elapsed="0.108662"/>
</kw>
<kw name="Get Text" owner="Browser">
<msg time="2025-06-18T03:45:28.383822" level="INFO">Text: 'Cadastro'</msg>
<arg>xpath=//h2</arg>
<arg>equal</arg>
<arg>Cadastro</arg>
<tag>Assertion</tag>
<tag>Getter</tag>
<tag>PageContent</tag>
<doc>Returns text attribute of the element found by ``selector``.</doc>
<status status="PASS" start="2025-06-18T03:45:28.294837" elapsed="0.089333"/>
</kw>
<status status="PASS" start="2025-06-18T03:45:27.510448" elapsed="0.874108"/>
</kw>
<kw name="Submit signup form as administrator" owner="SignupPage">
<kw name="Fill Text" owner="Browser">
<msg time="2025-06-18T03:45:28.388637" level="INFO">Fills the text 'Jessica Osborne' in the given field.</msg>
<arg>css=input[data-testid=nome]</arg>
<arg>${user}[nome]</arg>
<tag>PageContent</tag>
<tag>Setter</tag>
<doc>Clears and fills the given ``txt`` into the text field found by ``selector``.</doc>
<status status="PASS" start="2025-06-18T03:45:28.386960" elapsed="0.056700"/>
</kw>
<kw name="Fill Text" owner="Browser">
<msg time="2025-06-18T03:45:28.445667" level="INFO">Fills the text 'wardgregory@gmail.com' in the given field.</msg>
<arg>css=input[data-testid=email]</arg>
<arg>${user}[email]</arg>
<tag>PageContent</tag>
<tag>Setter</tag>
<doc>Clears and fills the given ``txt`` into the text field found by ``selector``.</doc>
<status status="PASS" start="2025-06-18T03:45:28.444291" elapsed="0.024533"/>
</kw>
<kw name="Fill Text" owner="Browser">
<msg time="2025-06-18T03:45:28.469913" level="INFO">Fills the text 'pwd123' in the given field.</msg>
<arg>css=input[data-testid=password]</arg>
<arg>${user}[password]</arg>
<tag>PageContent</tag>
<tag>Setter</tag>
<doc>Clears and fills the given ``txt`` into the text field found by ``selector``.</doc>
<status status="PASS" start="2025-06-18T03:45:28.469113" elapsed="0.020788"/>
</kw>
<kw name="Click" owner="Browser">
<msg time="2025-06-18T03:45:28.490913" level="INFO">Clicks the element 'css=input[data-testid=checkbox]'.</msg>
<arg>css=input[data-testid=checkbox]</arg>
<tag>PageContent</tag>
<tag>Setter</tag>
<doc>Simulates mouse click on the element found by ``selector``.</doc>
<status status="PASS" start="2025-06-18T03:45:28.490184" elapsed="0.058008"/>
</kw>
<kw name="Click" owner="Browser">
<msg time="2025-06-18T03:45:28.549133" level="INFO">Clicks the element 'css=button[data-testid=cadastrar]'.</msg>
<arg>css=button[data-testid=cadastrar]</arg>
<tag>PageContent</tag>
<tag>Setter</tag>
<doc>Simulates mouse click on the element found by ``selector``.</doc>
<status status="PASS" start="2025-06-18T03:45:28.548488" elapsed="0.071013"/>
</kw>
<arg>&amp;{user}</arg>
<status status="PASS" start="2025-06-18T03:45:28.385506" elapsed="0.234198"/>
</kw>
<kw name="Administrator should be logged in" owner="Header">
<kw name="Set Variable" owner="BuiltIn">
<msg time="2025-06-18T03:45:28.621415" level="INFO">${element} = css=.jumbotron h1</msg>
<var>${element}</var>
<arg>css=.jumbotron h1</arg>
<doc>Returns the given values which can then be assigned to a variables.</doc>
<status status="PASS" start="2025-06-18T03:45:28.620903" elapsed="0.000601"/>
</kw>
<kw name="Wait For Elements State" owner="Browser">
<msg time="2025-06-18T03:45:32.989679" level="INFO">Waited for Element with selector css=.jumbotron h1 at state visible</msg>
<arg>${element}</arg>
<arg>visible</arg>
<arg>5</arg>
<tag>PageContent</tag>
<tag>Wait</tag>
<doc>Waits for the element found by ``selector`` to satisfy state option.</doc>
<status status="PASS" start="2025-06-18T03:45:28.621871" elapsed="4.368150"/>
</kw>
<kw name="Get Text" owner="Browser">
<msg time="2025-06-18T03:45:33.034815" level="INFO">Text: 'Bem Vindo Jessica Osborne'</msg>
<arg>${element}</arg>
<arg>equal</arg>
<arg>Bem Vindo ${name}</arg>
<tag>Assertion</tag>
<tag>Getter</tag>
<tag>PageContent</tag>
<doc>Returns text attribute of the element found by ``selector``.</doc>
<status status="PASS" start="2025-06-18T03:45:32.990468" elapsed="0.044680"/>
</kw>
<arg>${user}[nome]</arg>
<status status="PASS" start="2025-06-18T03:45:28.620248" elapsed="4.415286"/>
</kw>
<kw name="Go to products Page" owner="ProductPage">
<kw name="Go To" owner="Browser">
<msg time="2025-06-18T03:45:33.781487" level="INFO">Successfully opened URL https://compassuolfront.serverest.dev/admin/cadastrarprodutos</msg>
<arg>${BASE_URL}/admin/cadastrarprodutos</arg>
<tag>BrowserControl</tag>
<tag>Setter</tag>
<doc>Navigates to the given ``url``.</doc>
<status status="PASS" start="2025-06-18T03:45:33.037245" elapsed="0.744535"/>
</kw>
<kw name="Wait For Elements State" owner="Browser">
<msg time="2025-06-18T03:45:33.866591" level="INFO">Waited for Element with selector xpath=//h1[contains(text(), 'Cadastro de Produtos')] at state visible</msg>
<arg>xpath=//h1[contains(text(), 'Cadastro de Produtos')]</arg>
<arg>visible</arg>
<arg>10</arg>
<tag>PageContent</tag>
<tag>Wait</tag>
<doc>Waits for the element found by ``selector`` to satisfy state option.</doc>
<status status="PASS" start="2025-06-18T03:45:33.782129" elapsed="0.084983"/>
</kw>
<kw name="Get Text" owner="Browser">
<msg time="2025-06-18T03:45:33.925197" level="INFO">Text: 'Cadastro de Produtos'</msg>
<arg>xpath=//h1[contains(text(), 'Cadastro de Produtos')]</arg>
<arg>equal</arg>
<arg>Cadastro de Produtos</arg>
<tag>Assertion</tag>
<tag>Getter</tag>
<tag>PageContent</tag>
<doc>Returns text attribute of the element found by ``selector``.</doc>
<status status="PASS" start="2025-06-18T03:45:33.867775" elapsed="0.057638"/>
</kw>
<status status="PASS" start="2025-06-18T03:45:33.036231" elapsed="0.889407"/>
</kw>
<kw name="Word" owner="FakerLibrary">
<msg time="2025-06-18T03:45:33.926627" level="INFO">${name_product} = dark</msg>
<var>${name_product}</var>
<doc>Generate a word.</doc>
<status status="PASS" start="2025-06-18T03:45:33.926127" elapsed="0.000555"/>
</kw>
<kw name="Random Number" owner="FakerLibrary">
<msg time="2025-06-18T03:45:33.927574" level="INFO">${price} = 7</msg>
<var>${price}</var>
<arg>1</arg>
<arg>1000</arg>
<doc>Generate a random integer according to the following rules:</doc>
<status status="PASS" start="2025-06-18T03:45:33.927007" elapsed="0.000623"/>
</kw>
<kw name="Sentence" owner="FakerLibrary">
<msg time="2025-06-18T03:45:33.928339" level="INFO">${description} = Design structure next consider style reflect.</msg>
<var>${description}</var>
<doc>Generate a sentence.</doc>
<status status="PASS" start="2025-06-18T03:45:33.927963" elapsed="0.000429"/>
</kw>
<kw name="Random Number" owner="FakerLibrary">
<msg time="2025-06-18T03:45:33.929114" level="INFO">${quantity} = 8</msg>
<var>${quantity}</var>
<arg>1</arg>
<arg>100</arg>
<doc>Generate a random integer according to the following rules:</doc>
<status status="PASS" start="2025-06-18T03:45:33.928707" elapsed="0.000459"/>
</kw>
<kw name="Create Dictionary" owner="BuiltIn">
<msg time="2025-06-18T03:45:33.930278" level="INFO">${product} = {'nome': 'dark', 'preco': 7, 'descricao': 'Design structure next consider style reflect.', 'quantidade': 8}</msg>
<var>${product}</var>
<arg>nome=${name_product}</arg>
<arg>preco=${price}</arg>
<arg>descricao=${description}</arg>
<arg>quantidade=${quantity}</arg>
<doc>Creates and returns a dictionary based on the given ``items``.</doc>
<status status="PASS" start="2025-06-18T03:45:33.929541" elapsed="0.000789"/>
</kw>
<kw name="Submit products form" owner="ProductPage">
<kw name="Fill Text" owner="Browser">
<msg time="2025-06-18T03:45:33.932232" level="INFO">Fills the text 'dark' in the given field.</msg>
<arg>css=input[name="nome"]</arg>
<arg>${product}[nome]</arg>
<tag>PageContent</tag>
<tag>Setter</tag>
<doc>Clears and fills the given ``txt`` into the text field found by ``selector``.</doc>
<status status="PASS" start="2025-06-18T03:45:33.931479" elapsed="0.032691"/>
</kw>
<kw name="Fill Text" owner="Browser">
<msg time="2025-06-18T03:45:33.966075" level="INFO">Fills the text '7' in the given field.</msg>
<arg>css=input[name="price"]</arg>
<arg>${product}[preco]</arg>
<tag>PageContent</tag>
<tag>Setter</tag>
<doc>Clears and fills the given ``txt`` into the text field found by ``selector``.</doc>
<status status="PASS" start="2025-06-18T03:45:33.964602" elapsed="0.021916"/>
</kw>
<kw name="Fill Text" owner="Browser">
<msg time="2025-06-18T03:45:33.987534" level="INFO">Fills the text 'Design structure next consider style reflect.' in the given field.</msg>
<arg>css=#description</arg>
<arg>${product}[descricao]</arg>
<tag>PageContent</tag>
<tag>Setter</tag>
<doc>Clears and fills the given ``txt`` into the text field found by ``selector``.</doc>
<status status="PASS" start="2025-06-18T03:45:33.986795" elapsed="0.020568"/>
</kw>
<kw name="Fill Text" owner="Browser">
<msg time="2025-06-18T03:45:34.008401" level="INFO">Fills the text '8' in the given field.</msg>
<arg>css=#quantity</arg>
<arg>${product}[quantidade]</arg>
<tag>PageContent</tag>
<tag>Setter</tag>
<doc>Clears and fills the given ``txt`` into the text field found by ``selector``.</doc>
<status status="PASS" start="2025-06-18T03:45:34.007643" elapsed="0.018386"/>
</kw>
<kw name="Click" owner="Browser">
<msg time="2025-06-18T03:45:34.027304" level="INFO">Clicks the element 'xpath=//button[text()='Cadastrar']'.</msg>
<arg>xpath=//button[text()='Cadastrar']</arg>
<tag>PageContent</tag>
<tag>Setter</tag>
<doc>Simulates mouse click on the element found by ``selector``.</doc>
<status status="PASS" start="2025-06-18T03:45:34.026352" elapsed="0.058238"/>
</kw>
<arg>&amp;{product}</arg>
<status status="PASS" start="2025-06-18T03:45:33.930767" elapsed="0.154037"/>
</kw>
<kw name="Sleep" owner="BuiltIn">
<msg time="2025-06-18T03:45:39.086325" level="INFO">Slept 5 seconds.</msg>
<arg>5</arg>
<doc>Pauses the test executed for the given time.</doc>
<status status="PASS" start="2025-06-18T03:45:34.085428" elapsed="5.001235"/>
</kw>
<kw name="Set Variable" owner="BuiltIn">
<msg time="2025-06-18T03:45:39.088494" level="INFO">${product_name} = dark</msg>
<var>${product_name}</var>
<arg>${product}[nome]</arg>
<doc>Returns the given values which can then be assigned to a variables.</doc>
<status status="PASS" start="2025-06-18T03:45:39.087530" elapsed="0.001074"/>
</kw>
<kw name="Product should be listed" owner="ProductPage">
<kw name="Get Text" owner="Browser">
<msg time="2025-06-18T03:45:39.135747" level="INFO">Text: 'dark'</msg>
<arg>xpath=//table[contains(@class,'table-striped')]//td[normalize-space(text())="${product_name}"]</arg>
<arg>==</arg>
<arg>${product_name}</arg>
<tag>Assertion</tag>
<tag>Getter</tag>
<tag>PageContent</tag>
<doc>Returns text attribute of the element found by ``selector``.</doc>
<status status="PASS" start="2025-06-18T03:45:39.090431" elapsed="0.045667"/>
</kw>
<arg>${product_name}</arg>
<status status="PASS" start="2025-06-18T03:45:39.089367" elapsed="0.047131"/>
</kw>
<kw name="Take Screenshot" owner="Browser" type="TEARDOWN">
<msg time="2025-06-18T03:45:39.277171" level="INFO" html="true">&lt;/td&gt;&lt;/tr&gt;&lt;tr&gt;&lt;td colspan="3"&gt;&lt;a href="browser/screenshot/robotframework-browser-screenshot-1.png" target="_blank"&gt;&lt;img src="browser/screenshot/robotframework-browser-screenshot-1.png" width="800px"/&gt;&lt;/a&gt;</msg>
<tag>PageContent</tag>
<doc>Takes a screenshot of the current window or element and saves it to disk.</doc>
<status status="PASS" start="2025-06-18T03:45:39.137493" elapsed="0.139944"/>
</kw>
<msg time="2025-06-18T03:45:39.305884" level="INFO">Switching context to context=a01305c9-ef9b-4a0f-9667-bb407bef1cdb in CURRENT</msg>
<msg time="2025-06-18T03:45:39.321529" level="INFO">Successfully changed active context: context=a01305c9-ef9b-4a0f-9667-bb407bef1cdb</msg>
<msg time="2025-06-18T03:45:39.373601" level="INFO">Successfully closed Context</msg>
<status status="PASS" start="2025-06-18T03:45:20.427061" elapsed="18.850565"/>
</test>
<test id="s1-s1-t2" name="Listing products on the products page" line="50">
<kw name="Start Session" owner="base" type="SETUP">
<kw name="New Browser" owner="Browser">
<msg time="2025-06-18T03:45:39.385353" level="INFO">Switching browser to browser=775c2907-e26a-44e6-a1f0-97b22e6ee09f</msg>
<msg time="2025-06-18T03:45:39.393281" level="INFO">Successfully changed active browser: browser=775c2907-e26a-44e6-a1f0-97b22e6ee09f</msg>
<msg time="2025-06-18T03:45:39.393705" level="INFO">Reusing existing browser with id: browser=775c2907-e26a-44e6-a1f0-97b22e6ee09f</msg>
<arg>browser=${BROWSER}</arg>
<arg>headless=${False}</arg>
<tag>BrowserControl</tag>
<tag>Setter</tag>
<doc>Create a new playwright Browser with specified options.</doc>
<status status="PASS" start="2025-06-18T03:45:39.383807" elapsed="0.010088"/>
</kw>
<kw name="New Page" owner="Browser">
<msg time="2025-06-18T03:45:41.608407" level="INFO">Successfully initialized new page object and opened url: https://compassuolfront.serverest.dev</msg>
<msg time="2025-06-18T03:45:41.608524" level="INFO">No context was open. New context was automatically opened when this page is created.</msg>
<arg>${BASE_URL}</arg>
<tag>BrowserControl</tag>
<tag>Setter</tag>
<doc>Open a new Page.</doc>
<status status="PASS" start="2025-06-18T03:45:39.394485" elapsed="2.214267"/>
</kw>
<status status="PASS" start="2025-06-18T03:45:39.382971" elapsed="2.225947"/>
</kw>
<kw name="Name" owner="FakerLibrary">
<msg time="2025-06-18T03:45:41.610007" level="INFO">${name} = Tammy Richardson</msg>
<var>${name}</var>
<doc>:example: 'John Doe'</doc>
<status status="PASS" start="2025-06-18T03:45:41.609284" elapsed="0.000872"/>
</kw>
<kw name="Free Email" owner="FakerLibrary">
<msg time="2025-06-18T03:45:41.612586" level="INFO">${email} = shawnagibbs@gmail.com</msg>
<var>${email}</var>
<status status="PASS" start="2025-06-18T03:45:41.610688" elapsed="0.002075"/>
</kw>
<kw name="Set Variable" owner="BuiltIn">
<msg time="2025-06-18T03:45:41.614484" level="INFO">${password} = pwd123</msg>
<var>${password}</var>
<arg>pwd123</arg>
<doc>Returns the given values which can then be assigned to a variables.</doc>
<status status="PASS" start="2025-06-18T03:45:41.613617" elapsed="0.001015"/>
</kw>
<kw name="Create Dictionary" owner="BuiltIn">
<msg time="2025-06-18T03:45:41.617257" level="INFO">&amp;{user} = { nome=Tammy Richardson | email=shawnagibbs@gmail.com | password=pwd123 }</msg>
<var>&amp;{user}</var>
<arg>nome=${name}</arg>
<arg>email=${email}</arg>
<arg>password=${password}</arg>
<doc>Creates and returns a dictionary based on the given ``items``.</doc>
<status status="PASS" start="2025-06-18T03:45:41.615456" elapsed="0.001958"/>
</kw>
<kw name="Go to signup Page" owner="SignupPage">
<kw name="Go To" owner="Browser">
<msg time="2025-06-18T03:45:42.453272" level="INFO">Successfully opened URL https://compassuolfront.serverest.dev/cadastrarusuarios</msg>
<arg>${BASE_URL}/cadastrarusuarios</arg>
<tag>BrowserControl</tag>
<tag>Setter</tag>
<doc>Navigates to the given ``url``.</doc>
<status status="PASS" start="2025-06-18T03:45:41.619493" elapsed="0.834049"/>
</kw>
<kw name="Wait For Elements State" owner="Browser">
<msg time="2025-06-18T03:45:42.569248" level="INFO">Waited for Element with selector xpath=//h2 at state visible</msg>
<arg>xpath=//h2</arg>
<arg>visible</arg>
<arg>5</arg>
<tag>PageContent</tag>
<tag>Wait</tag>
<doc>Waits for the element found by ``selector`` to satisfy state option.</doc>
<status status="PASS" start="2025-06-18T03:45:42.453898" elapsed="0.116068"/>
</kw>
<kw name="Get Text" owner="Browser">
<msg time="2025-06-18T03:45:42.627800" level="INFO">Text: 'Cadastro'</msg>
<arg>xpath=//h2</arg>
<arg>equal</arg>
<arg>Cadastro</arg>
<tag>Assertion</tag>
<tag>Getter</tag>
<tag>PageContent</tag>
<doc>Returns text attribute of the element found by ``selector``.</doc>
<status status="PASS" start="2025-06-18T03:45:42.570660" elapsed="0.057475"/>
</kw>
<status status="PASS" start="2025-06-18T03:45:41.618323" elapsed="1.010189"/>
</kw>
<kw name="Submit signup form as administrator" owner="SignupPage">
<kw name="Fill Text" owner="Browser">
<msg time="2025-06-18T03:45:42.631984" level="INFO">Fills the text 'Tammy Richardson' in the given field.</msg>
<arg>css=input[data-testid=nome]</arg>
<arg>${user}[nome]</arg>
<tag>PageContent</tag>
<tag>Setter</tag>
<doc>Clears and fills the given ``txt`` into the text field found by ``selector``.</doc>
<status status="PASS" start="2025-06-18T03:45:42.630561" elapsed="0.036432"/>
</kw>
<kw name="Fill Text" owner="Browser">
<msg time="2025-06-18T03:45:42.668515" level="INFO">Fills the text 'shawnagibbs@gmail.com' in the given field.</msg>
<arg>css=input[data-testid=email]</arg>
<arg>${user}[email]</arg>
<tag>PageContent</tag>
<tag>Setter</tag>
<doc>Clears and fills the given ``txt`` into the text field found by ``selector``.</doc>
<status status="PASS" start="2025-06-18T03:45:42.667332" elapsed="0.027352"/>
</kw>
<kw name="Fill Text" owner="Browser">
<msg time="2025-06-18T03:45:42.695730" level="INFO">Fills the text 'pwd123' in the given field.</msg>
<arg>css=input[data-testid=password]</arg>
<arg>${user}[password]</arg>
<tag>PageContent</tag>
<tag>Setter</tag>
<doc>Clears and fills the given ``txt`` into the text field found by ``selector``.</doc>
<status status="PASS" start="2025-06-18T03:45:42.694978" elapsed="0.019983"/>
</kw>
<kw name="Click" owner="Browser">
<msg time="2025-06-18T03:45:42.716016" level="INFO">Clicks the element 'css=input[data-testid=checkbox]'.</msg>
<arg>css=input[data-testid=checkbox]</arg>
<tag>PageContent</tag>
<tag>Setter</tag>
<doc>Simulates mouse click on the element found by ``selector``.</doc>
<status status="PASS" start="2025-06-18T03:45:42.715282" elapsed="0.062209"/>
</kw>
<kw name="Click" owner="Browser">
<msg time="2025-06-18T03:45:42.779184" level="INFO">Clicks the element 'css=button[data-testid=cadastrar]'.</msg>
<arg>css=button[data-testid=cadastrar]</arg>
<tag>PageContent</tag>
<tag>Setter</tag>
<doc>Simulates mouse click on the element found by ``selector``.</doc>
<status status="PASS" start="2025-06-18T03:45:42.777996" elapsed="0.065856"/>
</kw>
<arg>&amp;{user}</arg>
<status status="PASS" start="2025-06-18T03:45:42.629249" elapsed="0.215011"/>
</kw>
<kw name="Administrator should be logged in" owner="Header">
<kw name="Set Variable" owner="BuiltIn">
<msg time="2025-06-18T03:45:42.847400" level="INFO">${element} = css=.jumbotron h1</msg>
<var>${element}</var>
<arg>css=.jumbotron h1</arg>
<doc>Returns the given values which can then be assigned to a variables.</doc>
<status status="PASS" start="2025-06-18T03:45:42.846560" elapsed="0.000956"/>
</kw>
<kw name="Wait For Elements State" owner="Browser">
<msg time="2025-06-18T03:45:47.217608" level="INFO">Waited for Element with selector css=.jumbotron h1 at state visible</msg>
<arg>${element}</arg>
<arg>visible</arg>
<arg>5</arg>
<tag>PageContent</tag>
<tag>Wait</tag>
<doc>Waits for the element found by ``selector`` to satisfy state option.</doc>
<status status="PASS" start="2025-06-18T03:45:42.847961" elapsed="4.370121"/>
</kw>
<kw name="Get Text" owner="Browser">
<msg time="2025-06-18T03:45:47.256696" level="INFO">Text: 'Bem Vindo Tammy Richardson'</msg>
<arg>${element}</arg>
<arg>equal</arg>
<arg>Bem Vindo ${name}</arg>
<tag>Assertion</tag>
<tag>Getter</tag>
<tag>PageContent</tag>
<doc>Returns text attribute of the element found by ``selector``.</doc>
<status status="PASS" start="2025-06-18T03:45:47.218705" elapsed="0.038325"/>
</kw>
<arg>${user}[nome]</arg>
<status status="PASS" start="2025-06-18T03:45:42.845165" elapsed="4.412243"/>
</kw>
<kw name="Go to ListProducts Page" owner="ProductPage">
<kw name="Go To" owner="Browser">
<msg time="2025-06-18T03:45:48.310800" level="INFO">Successfully opened URL https://compassuolfront.serverest.dev/admin/listarprodutos</msg>
<arg>${BASE_URL}/admin/listarprodutos</arg>
<tag>BrowserControl</tag>
<tag>Setter</tag>
<doc>Navigates to the given ``url``.</doc>
<status status="PASS" start="2025-06-18T03:45:47.259175" elapsed="1.052009"/>
</kw>
<kw name="Wait For Elements State" owner="Browser">
<msg time="2025-06-18T03:45:48.367206" level="INFO">Waited for Element with selector xpath=//h1[contains(text(), 'Lista dos Produtos')] at state visible</msg>
<arg>xpath=//h1[contains(text(), 'Lista dos Produtos')]</arg>
<arg>visible</arg>
<arg>10</arg>
<tag>PageContent</tag>
<tag>Wait</tag>
<doc>Waits for the element found by ``selector`` to satisfy state option.</doc>
<status status="PASS" start="2025-06-18T03:45:48.311605" elapsed="0.056239"/>
</kw>
<kw name="Get Text" owner="Browser">
<msg time="2025-06-18T03:45:48.420801" level="INFO">Text: 'Lista dos Produtos'</msg>
<arg>xpath=//h1[contains(text(), 'Lista dos Produtos')]</arg>
<arg>equal</arg>
<arg>Lista dos Produtos</arg>
<tag>Assertion</tag>
<tag>Getter</tag>
<tag>PageContent</tag>
<doc>Returns text attribute of the element found by ``selector``.</doc>
<status status="PASS" start="2025-06-18T03:45:48.368354" elapsed="0.052813"/>
</kw>
<status status="PASS" start="2025-06-18T03:45:47.258149" elapsed="1.163403"/>
</kw>
<kw name="Get Elements" owner="Browser">
<msg time="2025-06-18T03:45:48.540664" level="INFO">Found locator('//table[contains(@class,\'table-striped\')]//tbody//tr/td[1]').first(),locator('//table[contains(@class,\'table-striped\')]//tbody//tr/td[1]').nth(1),locator('//table[contains(@class,\'table-striped\')]//tbody//tr/td[1]').nth(2),locator('//table[contains(@class,\'table-striped\')]//tbody//tr/td[1]').nth(3),locator('//table[contains(@class,\'table-striped\')]//tbody//tr/td[1]').nth(4),locator('//table[contains(@class,\'table-striped\')]//tbody//tr/td[1]').nth(5),locator('//table[contains(@class,\'table-striped\')]//tbody//tr/td[1]').nth(6),locator('//table[contains(@class,\'table-striped\')]//tbody//tr/td[1]').nth(7),locator('//table[contains(@class,\'table-striped\')]//tbody//tr/td[1]').nth(8),locator('//table[contains(@class,\'table-striped\')]//tbody//tr/td[1]').nth(9),locator('//table[contains(@class,\'table-striped\')]//tbody//tr/td[1]').nth(10),locator('//table[contains(@class,\'table-striped\')]//tbody//tr/td[1]').nth(11),locator('//table[contains(@class,\'table-striped\')]//tbody//tr/td[1]').nth(12),locator('//table[contains(@class,\'table-striped\')]//tbody//tr/td[1]').nth(13),locator('//table[contains(@class,\'table-striped\')]//tbody//tr/td[1]').nth(14),locator('//table[contains(@class,\'table-striped\')]//tbody//tr/td[1]').nth(15),locator('//table[contains(@class,\'table-striped\')]//tbody//tr/td[1]').nth(16),locator('//table[contains(@class,\'table-striped\')]//tbody//tr/td[1]').nth(17),locator('//table[contains(@class,\'table-striped\')]//tbody//tr/td[1]').nth(18),locator('//table[contains(@class,\'table-striped\')]//tbody//tr/td[1]').nth(19),locator('//table[contains(@class,\'table-striped\')]//tbody//tr/td[1]').nth(20),locator('//table[contains(@class,\'table-striped\')]//tbody//tr/td[1]').nth(21),locator('//table[contains(@class,\'table-striped\')]//tbody//tr/td[1]').nth(22),locator('//table[contains(@class,\'table-striped\')]//tbody//tr/td[1]').nth(23),locator('//table[contains(@class,\'table-striped\')]//tbody//tr/td[1]').nth(24),locator('//table[contains(@class,\'table-striped\')]//tbody//tr/td[1]').nth(25),locator('//table[contains(@class,\'table-striped\')]//tbody//tr/td[1]').nth(26),locator('//table[contains(@class,\'table-striped\')]//tbody//tr/td[1]').nth(27),locator('//table[contains(@class,\'table-striped\')]//tbody//tr/td[1]').nth(28),locator('//table[contains(@class,\'table-striped\')]//tbody//tr/td[1]').nth(29),locator('//table[contains(@class,\'table-striped\')]//tbody//tr/td[1]').nth(30),locator('//table[contains(@class,\'table-striped\')]//tbody//tr/td[1]').nth(31),locator('//table[contains(@class,\'table-striped\')]//tbody//tr/td[1]').nth(32),locator('//table[contains(@class,\'table-striped\')]//tbody//tr/td[1]').nth(33),locator('//table[contains(@class,\'table-striped\')]//tbody//tr/td[1]').nth(34),locator('//table[contains(@class,\'table-striped\')]//tbody//tr/td[1]').nth(35),locator('//table[contains(@class,\'table-striped\')]//tbody//tr/td[1]').nth(36),locator('//table[contains(@class,\'table-striped\')]//tbody//tr/td[1]').nth(37),locator('//table[contains(@class,\'table-striped\')]//tbody//tr/td[1]').nth(38),locator('//table[contains(@class,\'table-striped\')]//tbody//tr/td[1]').nth(39) Locators successfully.</msg>
<msg time="2025-06-18T03:45:48.541568" level="INFO">${produtos} = ["xpath=//table[contains(@class,'table-striped')]//tbody//tr/td[1] &gt;&gt; nth=0", "xpath=//table[contains(@class,'table-striped')]//tbody//tr/td[1] &gt;&gt; nth=1", "xpath=//table[contains(@class,'table-striped...</msg>
<var>${produtos}</var>
<arg>xpath=//table[contains(@class,'table-striped')]//tbody//tr/td[1]</arg>
<tag>Getter</tag>
<tag>PageContent</tag>
<doc>Returns a reference to Playwright [https://playwright.dev/docs/api/class-locator|Locator]
for all matched elements by ``selector``.</doc>
<status status="PASS" start="2025-06-18T03:45:48.422259" elapsed="0.119441"/>
</kw>
<kw name="Log" owner="BuiltIn">
<msg time="2025-06-18T03:45:48.543027" level="INFO">Lista de produtos encontrados:</msg>
<arg>Lista de produtos encontrados:</arg>
<doc>Logs the given message with the given level.</doc>
<status status="PASS" start="2025-06-18T03:45:48.542413" elapsed="0.000815"/>
</kw>
<for flavor="IN">
<iter>
<kw name="Get Text" owner="Browser">
<msg time="2025-06-18T03:45:48.587716" level="INFO">Text: 'William Strickland'</msg>
<msg time="2025-06-18T03:45:48.588122" level="INFO">${nome} = William Strickland</msg>
<var>${nome}</var>
<arg>${produto}</arg>
<tag>Assertion</tag>
<tag>Getter</tag>
<tag>PageContent</tag>
<doc>Returns text attribute of the element found by ``selector``.</doc>
<status status="PASS" start="2025-06-18T03:45:48.545067" elapsed="0.043213"/>
</kw>
<kw name="Log" owner="BuiltIn">
<msg time="2025-06-18T03:45:48.589577" level="INFO">Produto: William Strickland</msg>
<arg>Produto: ${nome}</arg>
<doc>Logs the given message with the given level.</doc>
<status status="PASS" start="2025-06-18T03:45:48.588842" elapsed="0.000923"/>
</kw>
<kw name="Log To Console" owner="BuiltIn">
<arg>Produto: ${nome}</arg>
<doc>Logs the given message to the console.</doc>
<status status="PASS" start="2025-06-18T03:45:48.590139" elapsed="0.000736"/>
</kw>
<var name="${produto}">xpath=//table[contains(@class,'table-striped')]//tbody//tr/td[1] &gt;&gt; nth=0</var>
<status status="PASS" start="2025-06-18T03:45:48.544556" elapsed="0.046514"/>
</iter>
<iter>
<kw name="Get Text" owner="Browser">
<msg time="2025-06-18T03:45:48.629739" level="INFO">Text: 'Elizabeth Martin'</msg>
<msg time="2025-06-18T03:45:48.630197" level="INFO">${nome} = Elizabeth Martin</msg>
<var>${nome}</var>
<arg>${produto}</arg>
<tag>Assertion</tag>
<tag>Getter</tag>
<tag>PageContent</tag>
<doc>Returns text attribute of the element found by ``selector``.</doc>
<status status="PASS" start="2025-06-18T03:45:48.592159" elapsed="0.038191"/>
</kw>
<kw name="Log" owner="BuiltIn">
<msg time="2025-06-18T03:45:48.631674" level="INFO">Produto: Elizabeth Martin</msg>
<arg>Produto: ${nome}</arg>
<doc>Logs the given message with the given level.</doc>
<status status="PASS" start="2025-06-18T03:45:48.630922" elapsed="0.000925"/>
</kw>
<kw name="Log To Console" owner="BuiltIn">
<arg>Produto: ${nome}</arg>
<doc>Logs the given message to the console.</doc>
<status status="PASS" start="2025-06-18T03:45:48.632296" elapsed="0.000860"/>
</kw>
<var name="${produto}">xpath=//table[contains(@class,'table-striped')]//tbody//tr/td[1] &gt;&gt; nth=1</var>
<status status="PASS" start="2025-06-18T03:45:48.591616" elapsed="0.041728"/>
</iter>
<iter>
<kw name="Get Text" owner="Browser">
<msg time="2025-06-18T03:45:48.668949" level="INFO">Text: 'money'</msg>
<msg time="2025-06-18T03:45:48.669453" level="INFO">${nome} = money</msg>
<var>${nome}</var>
<arg>${produto}</arg>
<tag>Assertion</tag>
<tag>Getter</tag>
<tag>PageContent</tag>
<doc>Returns text attribute of the element found by ``selector``.</doc>
<status status="PASS" start="2025-06-18T03:45:48.634405" elapsed="0.035165"/>
</kw>
<kw name="Log" owner="BuiltIn">
<msg time="2025-06-18T03:45:48.671482" level="INFO">Produto: money</msg>
<arg>Produto: ${nome}</arg>
<doc>Logs the given message with the given level.</doc>
<status status="PASS" start="2025-06-18T03:45:48.670340" elapsed="0.001437"/>
</kw>
<kw name="Log To Console" owner="BuiltIn">
<arg>Produto: ${nome}</arg>
<doc>Logs the given message to the console.</doc>
<status status="PASS" start="2025-06-18T03:45:48.672475" elapsed="0.001013"/>
</kw>
<var name="${produto}">xpath=//table[contains(@class,'table-striped')]//tbody//tr/td[1] &gt;&gt; nth=2</var>
<status status="PASS" start="2025-06-18T03:45:48.633818" elapsed="0.039939"/>
</iter>
<iter>
<kw name="Get Text" owner="Browser">
<msg time="2025-06-18T03:45:48.713867" level="INFO">Text: 'Marvin Anderson'</msg>
<msg time="2025-06-18T03:45:48.714311" level="INFO">${nome} = Marvin Anderson</msg>
<var>${nome}</var>
<arg>${produto}</arg>
<tag>Assertion</tag>
<tag>Getter</tag>
<tag>PageContent</tag>
<doc>Returns text attribute of the element found by ``selector``.</doc>
<status status="PASS" start="2025-06-18T03:45:48.675333" elapsed="0.039089"/>
</kw>
<kw name="Log" owner="BuiltIn">
<msg time="2025-06-18T03:45:48.715660" level="INFO">Produto: Marvin Anderson</msg>
<arg>Produto: ${nome}</arg>
<doc>Logs the given message with the given level.</doc>
<status status="PASS" start="2025-06-18T03:45:48.714927" elapsed="0.000916"/>
</kw>
<kw name="Log To Console" owner="BuiltIn">
<arg>Produto: ${nome}</arg>
<doc>Logs the given message to the console.</doc>
<status status="PASS" start="2025-06-18T03:45:48.716246" elapsed="0.000667"/>
</kw>
<var name="${produto}">xpath=//table[contains(@class,'table-striped')]//tbody//tr/td[1] &gt;&gt; nth=3</var>
<status status="PASS" start="2025-06-18T03:45:48.674492" elapsed="0.042673"/>
</iter>
<iter>
<kw name="Get Text" owner="Browser">
<msg time="2025-06-18T03:45:48.754059" level="INFO">Text: 'Jessica Atkinson'</msg>
<msg time="2025-06-18T03:45:48.754502" level="INFO">${nome} = Jessica Atkinson</msg>
<var>${nome}</var>
<arg>${produto}</arg>
<tag>Assertion</tag>
<tag>Getter</tag>
<tag>PageContent</tag>
<doc>Returns text attribute of the element found by ``selector``.</doc>
<status status="PASS" start="2025-06-18T03:45:48.718337" elapsed="0.036276"/>
</kw>
<kw name="Log" owner="BuiltIn">
<msg time="2025-06-18T03:45:48.755798" level="INFO">Produto: Jessica Atkinson</msg>
<arg>Produto: ${nome}</arg>
<doc>Logs the given message with the given level.</doc>
<status status="PASS" start="2025-06-18T03:45:48.755112" elapsed="0.000866"/>
</kw>
<kw name="Log To Console" owner="BuiltIn">
<arg>Produto: ${nome}</arg>
<doc>Logs the given message to the console.</doc>
<status status="PASS" start="2025-06-18T03:45:48.756405" elapsed="0.000738"/>
</kw>
<var name="${produto}">xpath=//table[contains(@class,'table-striped')]//tbody//tr/td[1] &gt;&gt; nth=4</var>
<status status="PASS" start="2025-06-18T03:45:48.717805" elapsed="0.039531"/>
</iter>
<iter>
<kw name="Get Text" owner="Browser">
<msg time="2025-06-18T03:45:48.788149" level="INFO">Text: 'Diana Terry'</msg>
<msg time="2025-06-18T03:45:48.788379" level="INFO">${nome} = Diana Terry</msg>
<var>${nome}</var>
<arg>${produto}</arg>
<tag>Assertion</tag>
<tag>Getter</tag>
<tag>PageContent</tag>
<doc>Returns text attribute of the element found by ``selector``.</doc>
<status status="PASS" start="2025-06-18T03:45:48.758109" elapsed="0.030347"/>
</kw>
<kw name="Log" owner="BuiltIn">
<msg time="2025-06-18T03:45:48.789361" level="INFO">Produto: Diana Terry</msg>
<arg>Produto: ${nome}</arg>
<doc>Logs the given message with the given level.</doc>
<status status="PASS" start="2025-06-18T03:45:48.788813" elapsed="0.000631"/>
</kw>
<kw name="Log To Console" owner="BuiltIn">
<arg>Produto: ${nome}</arg>
<doc>Logs the given message to the console.</doc>
<status status="PASS" start="2025-06-18T03:45:48.789638" elapsed="0.000337"/>
</kw>
<var name="${produto}">xpath=//table[contains(@class,'table-striped')]//tbody//tr/td[1] &gt;&gt; nth=5</var>
<status status="PASS" start="2025-06-18T03:45:48.757653" elapsed="0.032429"/>
</iter>
<iter>
<kw name="Get Text" owner="Browser">
<msg time="2025-06-18T03:45:48.811782" level="INFO">Text: 'Scott Krueger'</msg>
<msg time="2025-06-18T03:45:48.812006" level="INFO">${nome} = Scott Krueger</msg>
<var>${nome}</var>
<arg>${produto}</arg>
<tag>Assertion</tag>
<tag>Getter</tag>
<tag>PageContent</tag>
<doc>Returns text attribute of the element found by ``selector``.</doc>
<status status="PASS" start="2025-06-18T03:45:48.790594" elapsed="0.021465"/>
</kw>
<kw name="Log" owner="BuiltIn">
<msg time="2025-06-18T03:45:48.812747" level="INFO">Produto: Scott Krueger</msg>
<arg>Produto: ${nome}</arg>
<doc>Logs the given message with the given level.</doc>
<status status="PASS" start="2025-06-18T03:45:48.812353" elapsed="0.000489"/>
</kw>
<kw name="Log To Console" owner="BuiltIn">
<arg>Produto: ${nome}</arg>
<doc>Logs the given message to the console.</doc>
<status status="PASS" start="2025-06-18T03:45:48.813074" elapsed="0.000471"/>
</kw>
<var name="${produto}">xpath=//table[contains(@class,'table-striped')]//tbody//tr/td[1] &gt;&gt; nth=6</var>
<status status="PASS" start="2025-06-18T03:45:48.790362" elapsed="0.023272"/>
</iter>
<iter>
<kw name="Get Text" owner="Browser">
<msg time="2025-06-18T03:45:48.837485" level="INFO">Text: 'Jerry Rodriguez'</msg>
<msg time="2025-06-18T03:45:48.837740" level="INFO">${nome} = Jerry Rodriguez</msg>
<var>${nome}</var>
<arg>${produto}</arg>
<tag>Assertion</tag>
<tag>Getter</tag>
<tag>PageContent</tag>
<doc>Returns text attribute of the element found by ``selector``.</doc>
<status status="PASS" start="2025-06-18T03:45:48.814280" elapsed="0.023510"/>
</kw>
<kw name="Log" owner="BuiltIn">
<msg time="2025-06-18T03:45:48.838422" level="INFO">Produto: Jerry Rodriguez</msg>
<arg>Produto: ${nome}</arg>
<doc>Logs the given message with the given level.</doc>
<status status="PASS" start="2025-06-18T03:45:48.838043" elapsed="0.000456"/>
</kw>
<kw name="Log To Console" owner="BuiltIn">
<arg>Produto: ${nome}</arg>
<doc>Logs the given message to the console.</doc>
<status status="PASS" start="2025-06-18T03:45:48.838672" elapsed="0.000299"/>
</kw>
<var name="${produto}">xpath=//table[contains(@class,'table-striped')]//tbody//tr/td[1] &gt;&gt; nth=7</var>
<status status="PASS" start="2025-06-18T03:45:48.813895" elapsed="0.025177"/>
</iter>
<iter>
<kw name="Get Text" owner="Browser">
<msg time="2025-06-18T03:45:48.860120" level="INFO">Text: 'Ethan Baker'</msg>
<msg time="2025-06-18T03:45:48.860434" level="INFO">${nome} = Ethan Baker</msg>
<var>${nome}</var>
<arg>${produto}</arg>
<tag>Assertion</tag>
<tag>Getter</tag>
<tag>PageContent</tag>
<doc>Returns text attribute of the element found by ``selector``.</doc>
<status status="PASS" start="2025-06-18T03:45:48.839518" elapsed="0.020994"/>
</kw>
<kw name="Log" owner="BuiltIn">
<msg time="2025-06-18T03:45:48.861409" level="INFO">Produto: Ethan Baker</msg>
<arg>Produto: ${nome}</arg>
<doc>Logs the given message with the given level.</doc>
<status status="PASS" start="2025-06-18T03:45:48.860916" elapsed="0.000621"/>
</kw>
<kw name="Log To Console" owner="BuiltIn">
<arg>Produto: ${nome}</arg>
<doc>Logs the given message to the console.</doc>
<status status="PASS" start="2025-06-18T03:45:48.861845" elapsed="0.000516"/>
</kw>
<var name="${produto}">xpath=//table[contains(@class,'table-striped')]//tbody//tr/td[1] &gt;&gt; nth=8</var>
<status status="PASS" start="2025-06-18T03:45:48.839301" elapsed="0.023186"/>
</iter>
<iter>
<kw name="Get Text" owner="Browser">
<msg time="2025-06-18T03:45:48.885655" level="INFO">Text: 'Logitech MX Vertical'</msg>
<msg time="2025-06-18T03:45:48.885924" level="INFO">${nome} = Logitech MX Vertical</msg>
<var>${nome}</var>
<arg>${produto}</arg>
<tag>Assertion</tag>
<tag>Getter</tag>
<tag>PageContent</tag>
<doc>Returns text attribute of the element found by ``selector``.</doc>
<status status="PASS" start="2025-06-18T03:45:48.863229" elapsed="0.022762"/>
</kw>
<kw name="Log" owner="BuiltIn">
<msg time="2025-06-18T03:45:48.886774" level="INFO">Produto: Logitech MX Vertical</msg>
<arg>Produto: ${nome}</arg>
<doc>Logs the given message with the given level.</doc>
<status status="PASS" start="2025-06-18T03:45:48.886345" elapsed="0.000554"/>
</kw>
<kw name="Log To Console" owner="BuiltIn">
<arg>Produto: ${nome}</arg>
<doc>Logs the given message to the console.</doc>
<status status="PASS" start="2025-06-18T03:45:48.887059" elapsed="0.000303"/>
</kw>
<var name="${produto}">xpath=//table[contains(@class,'table-striped')]//tbody//tr/td[1] &gt;&gt; nth=9</var>
<status status="PASS" start="2025-06-18T03:45:48.862809" elapsed="0.024705"/>
</iter>
<iter>
<kw name="Get Text" owner="Browser">
<msg time="2025-06-18T03:45:48.909013" level="INFO">Text: 'Judith Love'</msg>
<msg time="2025-06-18T03:45:48.909259" level="INFO">${nome} = Judith Love</msg>
<var>${nome}</var>
<arg>${produto}</arg>
<tag>Assertion</tag>
<tag>Getter</tag>
<tag>PageContent</tag>
<doc>Returns text attribute of the element found by ``selector``.</doc>
<status status="PASS" start="2025-06-18T03:45:48.887957" elapsed="0.021351"/>
</kw>
<kw name="Log" owner="BuiltIn">
<msg time="2025-06-18T03:45:48.909921" level="INFO">Produto: Judith Love</msg>
<arg>Produto: ${nome}</arg>
<doc>Logs the given message with the given level.</doc>
<status status="PASS" start="2025-06-18T03:45:48.909595" elapsed="0.000400"/>
</kw>
<kw name="Log To Console" owner="BuiltIn">
<arg>Produto: ${nome}</arg>
<doc>Logs the given message to the console.</doc>
<status status="PASS" start="2025-06-18T03:45:48.910159" elapsed="0.000296"/>
</kw>
<var name="${produto}">xpath=//table[contains(@class,'table-striped')]//tbody//tr/td[1] &gt;&gt; nth=10</var>
<status status="PASS" start="2025-06-18T03:45:48.887726" elapsed="0.022802"/>
</iter>
<iter>
<kw name="Get Text" owner="Browser">
<msg time="2025-06-18T03:45:48.933068" level="INFO">Text: 'Chris Reyes'</msg>
<msg time="2025-06-18T03:45:48.933292" level="INFO">${nome} = Chris Reyes</msg>
<var>${nome}</var>
<arg>${produto}</arg>
<tag>Assertion</tag>
<tag>Getter</tag>
<tag>PageContent</tag>
<doc>Returns text attribute of the element found by ``selector``.</doc>
<status status="PASS" start="2025-06-18T03:45:48.910924" elapsed="0.022444"/>
</kw>
<kw name="Log" owner="BuiltIn">
<msg time="2025-06-18T03:45:48.934511" level="INFO">Produto: Chris Reyes</msg>
<arg>Produto: ${nome}</arg>
<doc>Logs the given message with the given level.</doc>
<status status="PASS" start="2025-06-18T03:45:48.933859" elapsed="0.000777"/>
</kw>
<kw name="Log To Console" owner="BuiltIn">
<arg>Produto: ${nome}</arg>
<doc>Logs the given message to the console.</doc>
<status status="PASS" start="2025-06-18T03:45:48.934865" elapsed="0.000387"/>
</kw>
<var name="${produto}">xpath=//table[contains(@class,'table-striped')]//tbody//tr/td[1] &gt;&gt; nth=11</var>
<status status="PASS" start="2025-06-18T03:45:48.910713" elapsed="0.024625"/>
</iter>
<iter>
<kw name="Get Text" owner="Browser">
<msg time="2025-06-18T03:45:48.955420" level="INFO">Text: 'Phyllis Martinez'</msg>
<msg time="2025-06-18T03:45:48.955817" level="INFO">${nome} = Phyllis Martinez</msg>
<var>${nome}</var>
<arg>${produto}</arg>
<tag>Assertion</tag>
<tag>Getter</tag>
<tag>PageContent</tag>
<doc>Returns text attribute of the element found by ``selector``.</doc>
<status status="PASS" start="2025-06-18T03:45:48.935845" elapsed="0.020082"/>
</kw>
<kw name="Log" owner="BuiltIn">
<msg time="2025-06-18T03:45:48.957141" level="INFO">Produto: Phyllis Martinez</msg>
<arg>Produto: ${nome}</arg>
<doc>Logs the given message with the given level.</doc>
<status status="PASS" start="2025-06-18T03:45:48.956521" elapsed="0.000799"/>
</kw>
<kw name="Log To Console" owner="BuiltIn">
<arg>Produto: ${nome}</arg>
<doc>Logs the given message to the console.</doc>
<status status="PASS" start="2025-06-18T03:45:48.957712" elapsed="0.000656"/>
</kw>
<var name="${produto}">xpath=//table[contains(@class,'table-striped')]//tbody//tr/td[1] &gt;&gt; nth=12</var>
<status status="PASS" start="2025-06-18T03:45:48.935566" elapsed="0.022983"/>
</iter>
<iter>
<kw name="Get Text" owner="Browser">
<msg time="2025-06-18T03:45:48.982802" level="INFO">Text: 'Tyler Alvarez'</msg>
<msg time="2025-06-18T03:45:48.983005" level="INFO">${nome} = Tyler Alvarez</msg>
<var>${nome}</var>
<arg>${produto}</arg>
<tag>Assertion</tag>
<tag>Getter</tag>
<tag>PageContent</tag>
<doc>Returns text attribute of the element found by ``selector``.</doc>
<status status="PASS" start="2025-06-18T03:45:48.959488" elapsed="0.023565"/>
</kw>
<kw name="Log" owner="BuiltIn">
<msg time="2025-06-18T03:45:48.983695" level="INFO">Produto: Tyler Alvarez</msg>
<arg>Produto: ${nome}</arg>
<doc>Logs the given message with the given level.</doc>
<status status="PASS" start="2025-06-18T03:45:48.983332" elapsed="0.000490"/>
</kw>
<kw name="Log To Console" owner="BuiltIn">
<arg>Produto: ${nome}</arg>
<doc>Logs the given message to the console.</doc>
<status status="PASS" start="2025-06-18T03:45:48.984198" elapsed="0.000614"/>
</kw>
<var name="${produto}">xpath=//table[contains(@class,'table-striped')]//tbody//tr/td[1] &gt;&gt; nth=13</var>
<status status="PASS" start="2025-06-18T03:45:48.958992" elapsed="0.025951"/>
</iter>
<iter>
<kw name="Get Text" owner="Browser">
<msg time="2025-06-18T03:45:49.010864" level="INFO">Text: 'Samsung 60 polegadas'</msg>
<msg time="2025-06-18T03:45:49.011224" level="INFO">${nome} = Samsung 60 polegadas</msg>
<var>${nome}</var>
<arg>${produto}</arg>
<tag>Assertion</tag>
<tag>Getter</tag>
<tag>PageContent</tag>
<doc>Returns text attribute of the element found by ``selector``.</doc>
<status status="PASS" start="2025-06-18T03:45:48.985628" elapsed="0.025692"/>
</kw>
<kw name="Log" owner="BuiltIn">
<msg time="2025-06-18T03:45:49.012363" level="INFO">Produto: Samsung 60 polegadas</msg>
<arg>Produto: ${nome}</arg>
<doc>Logs the given message with the given level.</doc>
<status status="PASS" start="2025-06-18T03:45:49.011794" elapsed="0.000714"/>
</kw>
<kw name="Log To Console" owner="BuiltIn">
<arg>Produto: ${nome}</arg>
<doc>Logs the given message to the console.</doc>
<status status="PASS" start="2025-06-18T03:45:49.012833" elapsed="0.000528"/>
</kw>
<var name="${produto}">xpath=//table[contains(@class,'table-striped')]//tbody//tr/td[1] &gt;&gt; nth=14</var>
<status status="PASS" start="2025-06-18T03:45:48.985273" elapsed="0.028232"/>
</iter>
<iter>
<kw name="Get Text" owner="Browser">
<msg time="2025-06-18T03:45:49.037571" level="INFO">Text: 'James Wong'</msg>
<msg time="2025-06-18T03:45:49.037863" level="INFO">${nome} = James Wong</msg>
<var>${nome}</var>
<arg>${produto}</arg>
<tag>Assertion</tag>
<tag>Getter</tag>
<tag>PageContent</tag>
<doc>Returns text attribute of the element found by ``selector``.</doc>
<status status="PASS" start="2025-06-18T03:45:49.014219" elapsed="0.023713"/>
</kw>
<kw name="Log" owner="BuiltIn">
<msg time="2025-06-18T03:45:49.038758" level="INFO">Produto: James Wong</msg>
<arg>Produto: ${nome}</arg>
<doc>Logs the given message with the given level.</doc>
<status status="PASS" start="2025-06-18T03:45:49.038300" elapsed="0.000572"/>
</kw>
<kw name="Log To Console" owner="BuiltIn">
<arg>Produto: ${nome}</arg>
<doc>Logs the given message to the console.</doc>
<status status="PASS" start="2025-06-18T03:45:49.039129" elapsed="0.000509"/>
</kw>
<var name="${produto}">xpath=//table[contains(@class,'table-striped')]//tbody//tr/td[1] &gt;&gt; nth=15</var>
<status status="PASS" start="2025-06-18T03:45:49.013849" elapsed="0.025908"/>
</iter>
<iter>
<kw name="Get Text" owner="Browser">
<msg time="2025-06-18T03:45:49.067746" level="INFO">Text: 'Daniel Evans'</msg>
<msg time="2025-06-18T03:45:49.068055" level="INFO">${nome} = Daniel Evans</msg>
<var>${nome}</var>
<arg>${produto}</arg>
<tag>Assertion</tag>
<tag>Getter</tag>
<tag>PageContent</tag>
<doc>Returns text attribute of the element found by ``selector``.</doc>
<status status="PASS" start="2025-06-18T03:45:49.040384" elapsed="0.027739"/>
</kw>
<kw name="Log" owner="BuiltIn">
<msg time="2025-06-18T03:45:49.069137" level="INFO">Produto: Daniel Evans</msg>
<arg>Produto: ${nome}</arg>
<doc>Logs the given message with the given level.</doc>
<status status="PASS" start="2025-06-18T03:45:49.068629" elapsed="0.000650"/>
</kw>
<kw name="Log To Console" owner="BuiltIn">
<arg>Produto: ${nome}</arg>
<doc>Logs the given message to the console.</doc>
<status status="PASS" start="2025-06-18T03:45:49.069624" elapsed="0.000556"/>
</kw>
<var name="${produto}">xpath=//table[contains(@class,'table-striped')]//tbody//tr/td[1] &gt;&gt; nth=16</var>
<status status="PASS" start="2025-06-18T03:45:49.040038" elapsed="0.030372"/>
</iter>
<iter>
<kw name="Get Text" owner="Browser">
<msg time="2025-06-18T03:45:49.097093" level="INFO">Text: 'Spencer Morris'</msg>
<msg time="2025-06-18T03:45:49.097495" level="INFO">${nome} = Spencer Morris</msg>
<var>${nome}</var>
<arg>${produto}</arg>
<tag>Assertion</tag>
<tag>Getter</tag>
<tag>PageContent</tag>
<doc>Returns text attribute of the element found by ``selector``.</doc>
<status status="PASS" start="2025-06-18T03:45:49.071637" elapsed="0.025951"/>
</kw>
<kw name="Log" owner="BuiltIn">
<msg time="2025-06-18T03:45:49.098629" level="INFO">Produto: Spencer Morris</msg>
<arg>Produto: ${nome}</arg>
<doc>Logs the given message with the given level.</doc>
<status status="PASS" start="2025-06-18T03:45:49.098037" elapsed="0.000699"/>
</kw>
<kw name="Log To Console" owner="BuiltIn">
<arg>Produto: ${nome}</arg>
<doc>Logs the given message to the console.</doc>
<status status="PASS" start="2025-06-18T03:45:49.098979" elapsed="0.000448"/>
</kw>
<var name="${produto}">xpath=//table[contains(@class,'table-striped')]//tbody//tr/td[1] &gt;&gt; nth=17</var>
<status status="PASS" start="2025-06-18T03:45:49.071152" elapsed="0.028390"/>
</iter>
<iter>
<kw name="Get Text" owner="Browser">
<msg time="2025-06-18T03:45:49.125252" level="INFO">Text: 'Michelle Daniels'</msg>
<msg time="2025-06-18T03:45:49.125610" level="INFO">${nome} = Michelle Daniels</msg>
<var>${nome}</var>
<arg>${produto}</arg>
<tag>Assertion</tag>
<tag>Getter</tag>
<tag>PageContent</tag>
<doc>Returns text attribute of the element found by ``selector``.</doc>
<status status="PASS" start="2025-06-18T03:45:49.100108" elapsed="0.025573"/>
</kw>
<kw name="Log" owner="BuiltIn">
<msg time="2025-06-18T03:45:49.126561" level="INFO">Produto: Michelle Daniels</msg>
<arg>Produto: ${nome}</arg>
<doc>Logs the given message with the given level.</doc>
<status status="PASS" start="2025-06-18T03:45:49.126072" elapsed="0.000594"/>
</kw>
<kw name="Log To Console" owner="BuiltIn">
<arg>Produto: ${nome}</arg>
<doc>Logs the given message to the console.</doc>
<status status="PASS" start="2025-06-18T03:45:49.126902" elapsed="0.000670"/>
</kw>
<var name="${produto}">xpath=//table[contains(@class,'table-striped')]//tbody//tr/td[1] &gt;&gt; nth=18</var>
<status status="PASS" start="2025-06-18T03:45:49.099800" elapsed="0.027882"/>
</iter>
<iter>
<kw name="Get Text" owner="Browser">
<msg time="2025-06-18T03:45:49.155053" level="INFO">Text: 'Nichole Johnson'</msg>
<msg time="2025-06-18T03:45:49.155350" level="INFO">${nome} = Nichole Johnson</msg>
<var>${nome}</var>
<arg>${produto}</arg>
<tag>Assertion</tag>
<tag>Getter</tag>
<tag>PageContent</tag>
<doc>Returns text attribute of the element found by ``selector``.</doc>
<status status="PASS" start="2025-06-18T03:45:49.128468" elapsed="0.026956"/>
</kw>
<kw name="Log" owner="BuiltIn">
<msg time="2025-06-18T03:45:49.156283" level="INFO">Produto: Nichole Johnson</msg>
<arg>Produto: ${nome}</arg>
<doc>Logs the given message with the given level.</doc>
<status status="PASS" start="2025-06-18T03:45:49.155785" elapsed="0.000621"/>
</kw>
<kw name="Log To Console" owner="BuiltIn">
<arg>Produto: ${nome}</arg>
<doc>Logs the given message to the console.</doc>
<status status="PASS" start="2025-06-18T03:45:49.156702" elapsed="0.000587"/>
</kw>
<var name="${produto}">xpath=//table[contains(@class,'table-striped')]//tbody//tr/td[1] &gt;&gt; nth=19</var>
<status status="PASS" start="2025-06-18T03:45:49.127957" elapsed="0.029474"/>
</iter>
<iter>
<kw name="Get Text" owner="Browser">
<msg time="2025-06-18T03:45:49.183854" level="INFO">Text: 'Stephen Garcia'</msg>
<msg time="2025-06-18T03:45:49.184278" level="INFO">${nome} = Stephen Garcia</msg>
<var>${nome}</var>
<arg>${produto}</arg>
<tag>Assertion</tag>
<tag>Getter</tag>
<tag>PageContent</tag>
<doc>Returns text attribute of the element found by ``selector``.</doc>
<status status="PASS" start="2025-06-18T03:45:49.158084" elapsed="0.026300"/>
</kw>
<kw name="Log" owner="BuiltIn">
<msg time="2025-06-18T03:45:49.185594" level="INFO">Produto: Stephen Garcia</msg>
<arg>Produto: ${nome}</arg>
<doc>Logs the given message with the given level.</doc>
<status status="PASS" start="2025-06-18T03:45:49.184888" elapsed="0.000880"/>
</kw>
<kw name="Log To Console" owner="BuiltIn">
<arg>Produto: ${nome}</arg>
<doc>Logs the given message to the console.</doc>
<status status="PASS" start="2025-06-18T03:45:49.186140" elapsed="0.000774"/>
</kw>
<var name="${produto}">xpath=//table[contains(@class,'table-striped')]//tbody//tr/td[1] &gt;&gt; nth=20</var>
<status status="PASS" start="2025-06-18T03:45:49.157752" elapsed="0.029299"/>
</iter>
<iter>
<kw name="Get Text" owner="Browser">
<msg time="2025-06-18T03:45:49.216900" level="INFO">Text: 'Robert Ramos'</msg>
<msg time="2025-06-18T03:45:49.217177" level="INFO">${nome} = Robert Ramos</msg>
<var>${nome}</var>
<arg>${produto}</arg>
<tag>Assertion</tag>
<tag>Getter</tag>
<tag>PageContent</tag>
<doc>Returns text attribute of the element found by ``selector``.</doc>
<status status="PASS" start="2025-06-18T03:45:49.187744" elapsed="0.029555"/>
</kw>
<kw name="Log" owner="BuiltIn">
<msg time="2025-06-18T03:45:49.218113" level="INFO">Produto: Robert Ramos</msg>
<arg>Produto: ${nome}</arg>
<doc>Logs the given message with the given level.</doc>
<status status="PASS" start="2025-06-18T03:45:49.217673" elapsed="0.000585"/>
</kw>
<kw name="Log To Console" owner="BuiltIn">
<arg>Produto: ${nome}</arg>
<doc>Logs the given message to the console.</doc>
<status status="PASS" start="2025-06-18T03:45:49.218529" elapsed="0.000465"/>
</kw>
<var name="${produto}">xpath=//table[contains(@class,'table-striped')]//tbody//tr/td[1] &gt;&gt; nth=21</var>
<status status="PASS" start="2025-06-18T03:45:49.187399" elapsed="0.031754"/>
</iter>
<iter>
<kw name="Get Text" owner="Browser">
<msg time="2025-06-18T03:45:49.246529" level="INFO">Text: 'Deborah Smith'</msg>
<msg time="2025-06-18T03:45:49.246932" level="INFO">${nome} = Deborah Smith</msg>
<var>${nome}</var>
<arg>${produto}</arg>
<tag>Assertion</tag>
<tag>Getter</tag>
<tag>PageContent</tag>
<doc>Returns text attribute of the element found by ``selector``.</doc>
<status status="PASS" start="2025-06-18T03:45:49.220117" elapsed="0.026971"/>
</kw>
<kw name="Log" owner="BuiltIn">
<msg time="2025-06-18T03:45:49.248529" level="INFO">Produto: Deborah Smith</msg>
<arg>Produto: ${nome}</arg>
<doc>Logs the given message with the given level.</doc>
<status status="PASS" start="2025-06-18T03:45:49.247839" elapsed="0.000861"/>
</kw>
<kw name="Log To Console" owner="BuiltIn">
<arg>Produto: ${nome}</arg>
<doc>Logs the given message to the console.</doc>
<status status="PASS" start="2025-06-18T03:45:49.249087" elapsed="0.000726"/>
</kw>
<var name="${produto}">xpath=//table[contains(@class,'table-striped')]//tbody//tr/td[1] &gt;&gt; nth=22</var>
<status status="PASS" start="2025-06-18T03:45:49.219640" elapsed="0.030345"/>
</iter>
<iter>
<kw name="Get Text" owner="Browser">
<msg time="2025-06-18T03:45:49.281961" level="INFO">Text: 'Austin Jackson'</msg>
<msg time="2025-06-18T03:45:49.282427" level="INFO">${nome} = Austin Jackson</msg>
<var>${nome}</var>
<arg>${produto}</arg>
<tag>Assertion</tag>
<tag>Getter</tag>
<tag>PageContent</tag>
<doc>Returns text attribute of the element found by ``selector``.</doc>
<status status="PASS" start="2025-06-18T03:45:49.250894" elapsed="0.031643"/>
</kw>
<kw name="Log" owner="BuiltIn">
<msg time="2025-06-18T03:45:49.283742" level="INFO">Produto: Austin Jackson</msg>
<arg>Produto: ${nome}</arg>
<doc>Logs the given message with the given level.</doc>
<status status="PASS" start="2025-06-18T03:45:49.283048" elapsed="0.000862"/>
</kw>
<kw name="Log To Console" owner="BuiltIn">
<arg>Produto: ${nome}</arg>
<doc>Logs the given message to the console.</doc>
<status status="PASS" start="2025-06-18T03:45:49.284349" elapsed="0.000722"/>
</kw>
<var name="${produto}">xpath=//table[contains(@class,'table-striped')]//tbody//tr/td[1] &gt;&gt; nth=23</var>
<status status="PASS" start="2025-06-18T03:45:49.250453" elapsed="0.034856"/>
</iter>
<iter>
<kw name="Get Text" owner="Browser">
<msg time="2025-06-18T03:45:49.320248" level="INFO">Text: 'Lisa Parker'</msg>
<msg time="2025-06-18T03:45:49.320608" level="INFO">${nome} = Lisa Parker</msg>
<var>${nome}</var>
<arg>${produto}</arg>
<tag>Assertion</tag>
<tag>Getter</tag>
<tag>PageContent</tag>
<doc>Returns text attribute of the element found by ``selector``.</doc>
<status status="PASS" start="2025-06-18T03:45:49.286146" elapsed="0.034643"/>
</kw>
<kw name="Log" owner="BuiltIn">
<msg time="2025-06-18T03:45:49.321576" level="INFO">Produto: Lisa Parker</msg>
<arg>Produto: ${nome}</arg>
<doc>Logs the given message with the given level.</doc>
<status status="PASS" start="2025-06-18T03:45:49.321161" elapsed="0.000512"/>
</kw>
<kw name="Log To Console" owner="BuiltIn">
<arg>Produto: ${nome}</arg>
<doc>Logs the given message to the console.</doc>
<status status="PASS" start="2025-06-18T03:45:49.321891" elapsed="0.000599"/>
</kw>
<var name="${produto}">xpath=//table[contains(@class,'table-striped')]//tbody//tr/td[1] &gt;&gt; nth=24</var>
<status status="PASS" start="2025-06-18T03:45:49.285695" elapsed="0.036984"/>
</iter>
<iter>
<kw name="Get Text" owner="Browser">
<msg time="2025-06-18T03:45:49.350433" level="INFO">Text: 'Jacqueline Guerrero'</msg>
<msg time="2025-06-18T03:45:49.350656" level="INFO">${nome} = Jacqueline Guerrero</msg>
<var>${nome}</var>
<arg>${produto}</arg>
<tag>Assertion</tag>
<tag>Getter</tag>
<tag>PageContent</tag>
<doc>Returns text attribute of the element found by ``selector``.</doc>
<status status="PASS" start="2025-06-18T03:45:49.323360" elapsed="0.027350"/>
</kw>
<kw name="Log" owner="BuiltIn">
<msg time="2025-06-18T03:45:49.351352" level="INFO">Produto: Jacqueline Guerrero</msg>
<arg>Produto: ${nome}</arg>
<doc>Logs the given message with the given level.</doc>
<status status="PASS" start="2025-06-18T03:45:49.350989" elapsed="0.000448"/>
</kw>
<kw name="Log To Console" owner="BuiltIn">
<arg>Produto: ${nome}</arg>
<doc>Logs the given message to the console.</doc>
<status status="PASS" start="2025-06-18T03:45:49.351634" elapsed="0.000371"/>
</kw>
<var name="${produto}">xpath=//table[contains(@class,'table-striped')]//tbody//tr/td[1] &gt;&gt; nth=25</var>
<status status="PASS" start="2025-06-18T03:45:49.323006" elapsed="0.029140"/>
</iter>
<iter>
<kw name="Get Text" owner="Browser">
<msg time="2025-06-18T03:45:49.378540" level="INFO">Text: 'Christopher Hanna'</msg>
<msg time="2025-06-18T03:45:49.378839" level="INFO">${nome} = Christopher Hanna</msg>
<var>${nome}</var>
<arg>${produto}</arg>
<tag>Assertion</tag>
<tag>Getter</tag>
<tag>PageContent</tag>
<doc>Returns text attribute of the element found by ``selector``.</doc>
<status status="PASS" start="2025-06-18T03:45:49.352789" elapsed="0.026115"/>
</kw>
<kw name="Log" owner="BuiltIn">
<msg time="2025-06-18T03:45:49.379712" level="INFO">Produto: Christopher Hanna</msg>
<arg>Produto: ${nome}</arg>
<doc>Logs the given message with the given level.</doc>
<status status="PASS" start="2025-06-18T03:45:49.379329" elapsed="0.000478"/>
</kw>
<kw name="Log To Console" owner="BuiltIn">
<arg>Produto: ${nome}</arg>
<doc>Logs the given message to the console.</doc>
<status status="PASS" start="2025-06-18T03:45:49.380021" elapsed="0.000385"/>
</kw>
<var name="${produto}">xpath=//table[contains(@class,'table-striped')]//tbody//tr/td[1] &gt;&gt; nth=26</var>
<status status="PASS" start="2025-06-18T03:45:49.352483" elapsed="0.028018"/>
</iter>
<iter>
<kw name="Get Text" owner="Browser">
<msg time="2025-06-18T03:45:49.403293" level="INFO">Text: 'Lindsey Kennedy'</msg>
<msg time="2025-06-18T03:45:49.403554" level="INFO">${nome} = Lindsey Kennedy</msg>
<var>${nome}</var>
<arg>${produto}</arg>
<tag>Assertion</tag>
<tag>Getter</tag>
<tag>PageContent</tag>
<doc>Returns text attribute of the element found by ``selector``.</doc>
<status status="PASS" start="2025-06-18T03:45:49.380984" elapsed="0.022627"/>
</kw>
<kw name="Log" owner="BuiltIn">
<msg time="2025-06-18T03:45:49.404281" level="INFO">Produto: Lindsey Kennedy</msg>
<arg>Produto: ${nome}</arg>
<doc>Logs the given message with the given level.</doc>
<status status="PASS" start="2025-06-18T03:45:49.403884" elapsed="0.000487"/>
</kw>
<kw name="Log To Console" owner="BuiltIn">
<arg>Produto: ${nome}</arg>
<doc>Logs the given message to the console.</doc>
<status status="PASS" start="2025-06-18T03:45:49.404576" elapsed="0.000542"/>
</kw>
<var name="${produto}">xpath=//table[contains(@class,'table-striped')]//tbody//tr/td[1] &gt;&gt; nth=27</var>
<status status="PASS" start="2025-06-18T03:45:49.380721" elapsed="0.024572"/>
</iter>
<iter>
<kw name="Get Text" owner="Browser">
<msg time="2025-06-18T03:45:49.426110" level="INFO">Text: 'Kimberly Brown'</msg>
<msg time="2025-06-18T03:45:49.426432" level="INFO">${nome} = Kimberly Brown</msg>
<var>${nome}</var>
<arg>${produto}</arg>
<tag>Assertion</tag>
<tag>Getter</tag>
<tag>PageContent</tag>
<doc>Returns text attribute of the element found by ``selector``.</doc>
<status status="PASS" start="2025-06-18T03:45:49.405960" elapsed="0.020525"/>
</kw>
<kw name="Log" owner="BuiltIn">
<msg time="2025-06-18T03:45:49.427262" level="INFO">Produto: Kimberly Brown</msg>
<arg>Produto: ${nome}</arg>
<doc>Logs the given message with the given level.</doc>
<status status="PASS" start="2025-06-18T03:45:49.426821" elapsed="0.000521"/>
</kw>
<kw name="Log To Console" owner="BuiltIn">
<arg>Produto: ${nome}</arg>
<doc>Logs the given message to the console.</doc>
<status status="PASS" start="2025-06-18T03:45:49.427511" elapsed="0.000297"/>
</kw>
<var name="${produto}">xpath=//table[contains(@class,'table-striped')]//tbody//tr/td[1] &gt;&gt; nth=28</var>
<status status="PASS" start="2025-06-18T03:45:49.405638" elapsed="0.022243"/>
</iter>
<iter>
<kw name="Get Text" owner="Browser">
<msg time="2025-06-18T03:45:49.448069" level="INFO">Text: 'dark'</msg>
<msg time="2025-06-18T03:45:49.448396" level="INFO">${nome} = dark</msg>
<var>${nome}</var>
<arg>${produto}</arg>
<tag>Assertion</tag>
<tag>Getter</tag>
<tag>PageContent</tag>
<doc>Returns text attribute of the element found by ``selector``.</doc>
<status status="PASS" start="2025-06-18T03:45:49.428290" elapsed="0.020199"/>
</kw>
<kw name="Log" owner="BuiltIn">
<msg time="2025-06-18T03:45:49.449325" level="INFO">Produto: dark</msg>
<arg>Produto: ${nome}</arg>
<doc>Logs the given message with the given level.</doc>
<status status="PASS" start="2025-06-18T03:45:49.448873" elapsed="0.000570"/>
</kw>
<kw name="Log To Console" owner="BuiltIn">
<arg>Produto: ${nome}</arg>
<doc>Logs the given message to the console.</doc>
<status status="PASS" start="2025-06-18T03:45:49.449704" elapsed="0.000427"/>
</kw>
<var name="${produto}">xpath=//table[contains(@class,'table-striped')]//tbody//tr/td[1] &gt;&gt; nth=29</var>
<status status="PASS" start="2025-06-18T03:45:49.428070" elapsed="0.022196"/>
</iter>
<iter>
<kw name="Get Text" owner="Browser">
<msg time="2025-06-18T03:45:49.473409" level="INFO">Text: 'Alexis Hill'</msg>
<msg time="2025-06-18T03:45:49.473660" level="INFO">${nome} = Alexis Hill</msg>
<var>${nome}</var>
<arg>${produto}</arg>
<tag>Assertion</tag>
<tag>Getter</tag>
<tag>PageContent</tag>
<doc>Returns text attribute of the element found by ``selector``.</doc>
<status status="PASS" start="2025-06-18T03:45:49.450875" elapsed="0.022843"/>
</kw>
<kw name="Log" owner="BuiltIn">
<msg time="2025-06-18T03:45:49.474418" level="INFO">Produto: Alexis Hill</msg>
<arg>Produto: ${nome}</arg>
<doc>Logs the given message with the given level.</doc>
<status status="PASS" start="2025-06-18T03:45:49.474017" elapsed="0.000492"/>
</kw>
<kw name="Log To Console" owner="BuiltIn">
<arg>Produto: ${nome}</arg>
<doc>Logs the given message to the console.</doc>
<status status="PASS" start="2025-06-18T03:45:49.474712" elapsed="0.000384"/>
</kw>
<var name="${produto}">xpath=//table[contains(@class,'table-striped')]//tbody//tr/td[1] &gt;&gt; nth=30</var>
<status status="PASS" start="2025-06-18T03:45:49.450558" elapsed="0.024627"/>
</iter>
<iter>
<kw name="Get Text" owner="Browser">
<msg time="2025-06-18T03:45:49.495937" level="INFO">Text: 'Alicia Wong MD'</msg>
<msg time="2025-06-18T03:45:49.496157" level="INFO">${nome} = Alicia Wong MD</msg>
<var>${nome}</var>
<arg>${produto}</arg>
<tag>Assertion</tag>
<tag>Getter</tag>
<tag>PageContent</tag>
<doc>Returns text attribute of the element found by ``selector``.</doc>
<status status="PASS" start="2025-06-18T03:45:49.475704" elapsed="0.020525"/>
</kw>
<kw name="Log" owner="BuiltIn">
<msg time="2025-06-18T03:45:49.496926" level="INFO">Produto: Alicia Wong MD</msg>
<arg>Produto: ${nome}</arg>
<doc>Logs the given message with the given level.</doc>
<status status="PASS" start="2025-06-18T03:45:49.496584" elapsed="0.000427"/>
</kw>
<kw name="Log To Console" owner="BuiltIn">
<arg>Produto: ${nome}</arg>
<doc>Logs the given message to the console.</doc>
<status status="PASS" start="2025-06-18T03:45:49.497244" elapsed="0.000327"/>
</kw>
<var name="${produto}">xpath=//table[contains(@class,'table-striped')]//tbody//tr/td[1] &gt;&gt; nth=31</var>
<status status="PASS" start="2025-06-18T03:45:49.475459" elapsed="0.022221"/>
</iter>
<iter>
<kw name="Get Text" owner="Browser">
<msg time="2025-06-18T03:45:49.519753" level="INFO">Text: 'Daniel Solis'</msg>
<msg time="2025-06-18T03:45:49.520098" level="INFO">${nome} = Daniel Solis</msg>
<var>${nome}</var>
<arg>${produto}</arg>
<tag>Assertion</tag>
<tag>Getter</tag>
<tag>PageContent</tag>
<doc>Returns text attribute of the element found by ``selector``.</doc>
<status status="PASS" start="2025-06-18T03:45:49.498139" elapsed="0.022029"/>
</kw>
<kw name="Log" owner="BuiltIn">
<msg time="2025-06-18T03:45:49.520758" level="INFO">Produto: Daniel Solis</msg>
<arg>Produto: ${nome}</arg>
<doc>Logs the given message with the given level.</doc>
<status status="PASS" start="2025-06-18T03:45:49.520440" elapsed="0.000391"/>
</kw>
<kw name="Log To Console" owner="BuiltIn">
<arg>Produto: ${nome}</arg>
<doc>Logs the given message to the console.</doc>
<status status="PASS" start="2025-06-18T03:45:49.520996" elapsed="0.000334"/>
</kw>
<var name="${produto}">xpath=//table[contains(@class,'table-striped')]//tbody//tr/td[1] &gt;&gt; nth=32</var>
<status status="PASS" start="2025-06-18T03:45:49.497915" elapsed="0.023530"/>
</iter>
<iter>
<kw name="Get Text" owner="Browser">
<msg time="2025-06-18T03:45:49.542088" level="INFO">Text: 'Kenneth Bowers'</msg>
<msg time="2025-06-18T03:45:49.542405" level="INFO">${nome} = Kenneth Bowers</msg>
<var>${nome}</var>
<arg>${produto}</arg>
<tag>Assertion</tag>
<tag>Getter</tag>
<tag>PageContent</tag>
<doc>Returns text attribute of the element found by ``selector``.</doc>
<status status="PASS" start="2025-06-18T03:45:49.521974" elapsed="0.020486"/>
</kw>
<kw name="Log" owner="BuiltIn">
<msg time="2025-06-18T03:45:49.543240" level="INFO">Produto: Kenneth Bowers</msg>
<arg>Produto: ${nome}</arg>
<doc>Logs the given message with the given level.</doc>
<status status="PASS" start="2025-06-18T03:45:49.542805" elapsed="0.000519"/>
</kw>
<kw name="Log To Console" owner="BuiltIn">
<arg>Produto: ${nome}</arg>
<doc>Logs the given message to the console.</doc>
<status status="PASS" start="2025-06-18T03:45:49.543510" elapsed="0.000483"/>
</kw>
<var name="${produto}">xpath=//table[contains(@class,'table-striped')]//tbody//tr/td[1] &gt;&gt; nth=33</var>
<status status="PASS" start="2025-06-18T03:45:49.521722" elapsed="0.022396"/>
</iter>
<iter>
<kw name="Get Text" owner="Browser">
<msg time="2025-06-18T03:45:49.567792" level="INFO">Text: 'standard'</msg>
<msg time="2025-06-18T03:45:49.568266" level="INFO">${nome} = standard</msg>
<var>${nome}</var>
<arg>${produto}</arg>
<tag>Assertion</tag>
<tag>Getter</tag>
<tag>PageContent</tag>
<doc>Returns text attribute of the element found by ``selector``.</doc>
<status status="PASS" start="2025-06-18T03:45:49.544625" elapsed="0.023732"/>
</kw>
<kw name="Log" owner="BuiltIn">
<msg time="2025-06-18T03:45:49.569263" level="INFO">Produto: standard</msg>
<arg>Produto: ${nome}</arg>
<doc>Logs the given message with the given level.</doc>
<status status="PASS" start="2025-06-18T03:45:49.568788" elapsed="0.000623"/>
</kw>
<kw name="Log To Console" owner="BuiltIn">
<arg>Produto: ${nome}</arg>
<doc>Logs the given message to the console.</doc>
<status status="PASS" start="2025-06-18T03:45:49.569810" elapsed="0.000658"/>
</kw>
<var name="${produto}">xpath=//table[contains(@class,'table-striped')]//tbody//tr/td[1] &gt;&gt; nth=34</var>
<status status="PASS" start="2025-06-18T03:45:49.544370" elapsed="0.026243"/>
</iter>
<iter>
<kw name="Get Text" owner="Browser">
<msg time="2025-06-18T03:45:49.595177" level="INFO">Text: 'Kyle Patterson'</msg>
<msg time="2025-06-18T03:45:49.595549" level="INFO">${nome} = Kyle Patterson</msg>
<var>${nome}</var>
<arg>${produto}</arg>
<tag>Assertion</tag>
<tag>Getter</tag>
<tag>PageContent</tag>
<doc>Returns text attribute of the element found by ``selector``.</doc>
<status status="PASS" start="2025-06-18T03:45:49.571402" elapsed="0.024235"/>
</kw>
<kw name="Log" owner="BuiltIn">
<msg time="2025-06-18T03:45:49.596645" level="INFO">Produto: Kyle Patterson</msg>
<arg>Produto: ${nome}</arg>
<doc>Logs the given message with the given level.</doc>
<status status="PASS" start="2025-06-18T03:45:49.596066" elapsed="0.000714"/>
</kw>
<kw name="Log To Console" owner="BuiltIn">
<arg>Produto: ${nome}</arg>
<doc>Logs the given message to the console.</doc>
<status status="PASS" start="2025-06-18T03:45:49.597076" elapsed="0.000567"/>
</kw>
<var name="${produto}">xpath=//table[contains(@class,'table-striped')]//tbody//tr/td[1] &gt;&gt; nth=35</var>
<status status="PASS" start="2025-06-18T03:45:49.570963" elapsed="0.026826"/>
</iter>
<iter>
<kw name="Get Text" owner="Browser">
<msg time="2025-06-18T03:45:49.624761" level="INFO">Text: 'Eric Ramos'</msg>
<msg time="2025-06-18T03:45:49.625027" level="INFO">${nome} = Eric Ramos</msg>
<var>${nome}</var>
<arg>${produto}</arg>
<tag>Assertion</tag>
<tag>Getter</tag>
<tag>PageContent</tag>
<doc>Returns text attribute of the element found by ``selector``.</doc>
<status status="PASS" start="2025-06-18T03:45:49.598545" elapsed="0.026542"/>
</kw>
<kw name="Log" owner="BuiltIn">
<msg time="2025-06-18T03:45:49.625763" level="INFO">Produto: Eric Ramos</msg>
<arg>Produto: ${nome}</arg>
<doc>Logs the given message with the given level.</doc>
<status status="PASS" start="2025-06-18T03:45:49.625395" elapsed="0.000459"/>
</kw>
<kw name="Log To Console" owner="BuiltIn">
<arg>Produto: ${nome}</arg>
<doc>Logs the given message to the console.</doc>
<status status="PASS" start="2025-06-18T03:45:49.626048" elapsed="0.000461"/>
</kw>
<var name="${produto}">xpath=//table[contains(@class,'table-striped')]//tbody//tr/td[1] &gt;&gt; nth=36</var>
<status status="PASS" start="2025-06-18T03:45:49.598158" elapsed="0.028485"/>
</iter>
<iter>
<kw name="Get Text" owner="Browser">
<msg time="2025-06-18T03:45:49.650702" level="INFO">Text: 'Danielle Collins'</msg>
<msg time="2025-06-18T03:45:49.651025" level="INFO">${nome} = Danielle Collins</msg>
<var>${nome}</var>
<arg>${produto}</arg>
<tag>Assertion</tag>
<tag>Getter</tag>
<tag>PageContent</tag>
<doc>Returns text attribute of the element found by ``selector``.</doc>
<status status="PASS" start="2025-06-18T03:45:49.627326" elapsed="0.023791"/>
</kw>
<kw name="Log" owner="BuiltIn">
<msg time="2025-06-18T03:45:49.652074" level="INFO">Produto: Danielle Collins</msg>
<arg>Produto: ${nome}</arg>
<doc>Logs the given message with the given level.</doc>
<status status="PASS" start="2025-06-18T03:45:49.651585" elapsed="0.000600"/>
</kw>
<kw name="Log To Console" owner="BuiltIn">
<arg>Produto: ${nome}</arg>
<doc>Logs the given message to the console.</doc>
<status status="PASS" start="2025-06-18T03:45:49.652562" elapsed="0.000533"/>
</kw>
<var name="${produto}">xpath=//table[contains(@class,'table-striped')]//tbody//tr/td[1] &gt;&gt; nth=37</var>
<status status="PASS" start="2025-06-18T03:45:49.626966" elapsed="0.026279"/>
</iter>
<iter>
<kw name="Get Text" owner="Browser">
<msg time="2025-06-18T03:45:49.678466" level="INFO">Text: 'Richard Scott'</msg>
<msg time="2025-06-18T03:45:49.678849" level="INFO">${nome} = Richard Scott</msg>
<var>${nome}</var>
<arg>${produto}</arg>
<tag>Assertion</tag>
<tag>Getter</tag>
<tag>PageContent</tag>
<doc>Returns text attribute of the element found by ``selector``.</doc>
<status status="PASS" start="2025-06-18T03:45:49.653778" elapsed="0.025149"/>
</kw>
<kw name="Log" owner="BuiltIn">
<msg time="2025-06-18T03:45:49.680304" level="INFO">Produto: Richard Scott</msg>
<arg>Produto: ${nome}</arg>
<doc>Logs the given message with the given level.</doc>
<status status="PASS" start="2025-06-18T03:45:49.679542" elapsed="0.001035"/>
</kw>
<kw name="Log To Console" owner="BuiltIn">
<arg>Produto: ${nome}</arg>
<doc>Logs the given message to the console.</doc>
<status status="PASS" start="2025-06-18T03:45:49.680910" elapsed="0.000585"/>
</kw>
<var name="${produto}">xpath=//table[contains(@class,'table-striped')]//tbody//tr/td[1] &gt;&gt; nth=38</var>
<status status="PASS" start="2025-06-18T03:45:49.653504" elapsed="0.028152"/>
</iter>
<iter>
<kw name="Get Text" owner="Browser">
<msg time="2025-06-18T03:45:49.709235" level="INFO">Text: 'Jeffrey Gomez'</msg>
<msg time="2025-06-18T03:45:49.709545" level="INFO">${nome} = Jeffrey Gomez</msg>
<var>${nome}</var>
<arg>${produto}</arg>
<tag>Assertion</tag>
<tag>Getter</tag>
<tag>PageContent</tag>
<doc>Returns text attribute of the element found by ``selector``.</doc>
<status status="PASS" start="2025-06-18T03:45:49.682422" elapsed="0.027209"/>
</kw>
<kw name="Log" owner="BuiltIn">
<msg time="2025-06-18T03:45:49.710668" level="INFO">Produto: Jeffrey Gomez</msg>
<arg>Produto: ${nome}</arg>
<doc>Logs the given message with the given level.</doc>
<status status="PASS" start="2025-06-18T03:45:49.710079" elapsed="0.000724"/>
</kw>
<kw name="Log To Console" owner="BuiltIn">
<arg>Produto: ${nome}</arg>
<doc>Logs the given message to the console.</doc>
<status status="PASS" start="2025-06-18T03:45:49.711111" elapsed="0.000645"/>
</kw>
<var name="${produto}">xpath=//table[contains(@class,'table-striped')]//tbody//tr/td[1] &gt;&gt; nth=39</var>
<status status="PASS" start="2025-06-18T03:45:49.682010" elapsed="0.029913"/>
</iter>
<var>${produto}</var>
<value>@{produtos}</value>
<status status="PASS" start="2025-06-18T03:45:48.543665" elapsed="1.168435"/>
</for>
<kw name="Should Not Be Empty" owner="BuiltIn">
<msg time="2025-06-18T03:45:49.713144" level="INFO">Length is 40.</msg>
<arg>${produtos}</arg>
<arg>Nenhum produto foi listado na página.</arg>
<doc>Verifies that the given item is not empty.</doc>
<status status="PASS" start="2025-06-18T03:45:49.712621" elapsed="0.000819"/>
</kw>
<kw name="Take Screenshot" owner="Browser" type="TEARDOWN">
<msg time="2025-06-18T03:45:49.881904" level="INFO" html="true">&lt;/td&gt;&lt;/tr&gt;&lt;tr&gt;&lt;td colspan="3"&gt;&lt;a href="browser/screenshot/robotframework-browser-screenshot-2.png" target="_blank"&gt;&lt;img src="browser/screenshot/robotframework-browser-screenshot-2.png" width="800px"/&gt;&lt;/a&gt;</msg>
<tag>PageContent</tag>
<doc>Takes a screenshot of the current window or element and saves it to disk.</doc>
<status status="PASS" start="2025-06-18T03:45:49.714571" elapsed="0.167551"/>
</kw>
<msg time="2025-06-18T03:45:49.900958" level="INFO">Switching context to context=77e7adb5-1bfa-4dc2-a08f-e879c55791d2 in CURRENT</msg>
<msg time="2025-06-18T03:45:49.911266" level="INFO">Successfully changed active context: context=77e7adb5-1bfa-4dc2-a08f-e879c55791d2</msg>
<msg time="2025-06-18T03:45:49.956230" level="INFO">Successfully closed Context</msg>
<status status="PASS" start="2025-06-18T03:45:39.375777" elapsed="10.506553"/>
</test>
<test id="s1-s1-t3" name="Product excluded" line="78">
<kw name="Start Session" owner="base" type="SETUP">
<kw name="New Browser" owner="Browser">
<msg time="2025-06-18T03:45:49.964590" level="INFO">Switching browser to browser=775c2907-e26a-44e6-a1f0-97b22e6ee09f</msg>
<msg time="2025-06-18T03:45:49.968005" level="INFO">Successfully changed active browser: browser=775c2907-e26a-44e6-a1f0-97b22e6ee09f</msg>
<msg time="2025-06-18T03:45:49.968195" level="INFO">Reusing existing browser with id: browser=775c2907-e26a-44e6-a1f0-97b22e6ee09f</msg>
<arg>browser=${BROWSER}</arg>
<arg>headless=${False}</arg>
<tag>BrowserControl</tag>
<tag>Setter</tag>
<doc>Create a new playwright Browser with specified options.</doc>
<status status="PASS" start="2025-06-18T03:45:49.963554" elapsed="0.004767"/>
</kw>
<kw name="New Page" owner="Browser">
<msg time="2025-06-18T03:45:51.794781" level="INFO">Successfully initialized new page object and opened url: https://compassuolfront.serverest.dev</msg>
<msg time="2025-06-18T03:45:51.794945" level="INFO">No context was open. New context was automatically opened when this page is created.</msg>
<arg>${BASE_URL}</arg>
<tag>BrowserControl</tag>
<tag>Setter</tag>
<doc>Open a new Page.</doc>
<status status="PASS" start="2025-06-18T03:45:49.968575" elapsed="1.826734"/>
</kw>
<status status="PASS" start="2025-06-18T03:45:49.962716" elapsed="1.832848"/>
</kw>
<kw name="Name" owner="FakerLibrary">
<msg time="2025-06-18T03:45:51.797048" level="INFO">${name} = Dawn Adkins</msg>
<var>${name}</var>
<doc>:example: 'John Doe'</doc>
<status status="PASS" start="2025-06-18T03:45:51.796019" elapsed="0.001129"/>
</kw>
<kw name="Free Email" owner="FakerLibrary">
<msg time="2025-06-18T03:45:51.798712" level="INFO">${email} = llane@gmail.com</msg>
<var>${email}</var>
<status status="PASS" start="2025-06-18T03:45:51.797655" elapsed="0.001177"/>
</kw>
<kw name="Set Variable" owner="BuiltIn">
<msg time="2025-06-18T03:45:51.801062" level="INFO">${password} = pwd123</msg>
<var>${password}</var>
<arg>pwd123</arg>
<doc>Returns the given values which can then be assigned to a variables.</doc>
<status status="PASS" start="2025-06-18T03:45:51.800447" elapsed="0.000712"/>
</kw>
<kw name="Create Dictionary" owner="BuiltIn">
<msg time="2025-06-18T03:45:51.802674" level="INFO">&amp;{user} = { nome=Dawn Adkins | email=llane@gmail.com | password=pwd123 }</msg>
<var>&amp;{user}</var>
<arg>nome=${name}</arg>
<arg>email=${email}</arg>
<arg>password=${password}</arg>
<doc>Creates and returns a dictionary based on the given ``items``.</doc>
<status status="PASS" start="2025-06-18T03:45:51.801673" elapsed="0.001093"/>
</kw>
<kw name="Go to signup Page" owner="SignupPage">
<kw name="Go To" owner="Browser">
<msg time="2025-06-18T03:45:52.480315" level="INFO">Successfully opened URL https://compassuolfront.serverest.dev/cadastrarusuarios</msg>
<arg>${BASE_URL}/cadastrarusuarios</arg>
<tag>BrowserControl</tag>
<tag>Setter</tag>
<doc>Navigates to the given ``url``.</doc>
<status status="PASS" start="2025-06-18T03:45:51.803980" elapsed="0.676596"/>
</kw>
<kw name="Wait For Elements State" owner="Browser">
<msg time="2025-06-18T03:45:52.536196" level="INFO">Waited for Element with selector xpath=//h2 at state visible</msg>
<arg>xpath=//h2</arg>
<arg>visible</arg>
<arg>5</arg>
<tag>PageContent</tag>
<tag>Wait</tag>
<doc>Waits for the element found by ``selector`` to satisfy state option.</doc>
<status status="PASS" start="2025-06-18T03:45:52.480899" elapsed="0.055946"/>
</kw>
<kw name="Get Text" owner="Browser">
<msg time="2025-06-18T03:45:52.590559" level="INFO">Text: 'Cadastro'</msg>
<arg>xpath=//h2</arg>
<arg>equal</arg>
<arg>Cadastro</arg>
<tag>Assertion</tag>
<tag>Getter</tag>
<tag>PageContent</tag>
<doc>Returns text attribute of the element found by ``selector``.</doc>
<status status="PASS" start="2025-06-18T03:45:52.537483" elapsed="0.053403"/>
</kw>
<status status="PASS" start="2025-06-18T03:45:51.803327" elapsed="0.787930"/>
</kw>
<kw name="Submit signup form as administrator" owner="SignupPage">
<kw name="Fill Text" owner="Browser">
<msg time="2025-06-18T03:45:52.594908" level="INFO">Fills the text 'Dawn Adkins' in the given field.</msg>
<arg>css=input[data-testid=nome]</arg>
<arg>${user}[nome]</arg>
<tag>PageContent</tag>
<tag>Setter</tag>
<doc>Clears and fills the given ``txt`` into the text field found by ``selector``.</doc>
<status status="PASS" start="2025-06-18T03:45:52.593448" elapsed="0.038477"/>
</kw>
<kw name="Fill Text" owner="Browser">
<msg time="2025-06-18T03:45:52.634565" level="INFO">Fills the text 'llane@gmail.com' in the given field.</msg>
<arg>css=input[data-testid=email]</arg>
<arg>${user}[email]</arg>
<tag>PageContent</tag>
<tag>Setter</tag>
<doc>Clears and fills the given ``txt`` into the text field found by ``selector``.</doc>
<status status="PASS" start="2025-06-18T03:45:52.632580" elapsed="0.029350"/>
</kw>
<kw name="Fill Text" owner="Browser">
<msg time="2025-06-18T03:45:52.662925" level="INFO">Fills the text 'pwd123' in the given field.</msg>
<arg>css=input[data-testid=password]</arg>
<arg>${user}[password]</arg>
<tag>PageContent</tag>
<tag>Setter</tag>
<doc>Clears and fills the given ``txt`` into the text field found by ``selector``.</doc>
<status status="PASS" start="2025-06-18T03:45:52.662205" elapsed="0.021889"/>
</kw>
<kw name="Click" owner="Browser">
<msg time="2025-06-18T03:45:52.685474" level="INFO">Clicks the element 'css=input[data-testid=checkbox]'.</msg>
<arg>css=input[data-testid=checkbox]</arg>
<tag>PageContent</tag>
<tag>Setter</tag>
<doc>Simulates mouse click on the element found by ``selector``.</doc>
<status status="PASS" start="2025-06-18T03:45:52.684528" elapsed="0.064230"/>
</kw>
<kw name="Click" owner="Browser">
<msg time="2025-06-18T03:45:52.750408" level="INFO">Clicks the element 'css=button[data-testid=cadastrar]'.</msg>
<arg>css=button[data-testid=cadastrar]</arg>
<tag>PageContent</tag>
<tag>Setter</tag>
<doc>Simulates mouse click on the element found by ``selector``.</doc>
<status status="PASS" start="2025-06-18T03:45:52.749133" elapsed="0.064509"/>
</kw>
<arg>&amp;{user}</arg>
<status status="PASS" start="2025-06-18T03:45:52.592042" elapsed="0.222029"/>
</kw>
<kw name="Administrator should be logged in" owner="Header">
<kw name="Set Variable" owner="BuiltIn">
<msg time="2025-06-18T03:45:52.816068" level="INFO">${element} = css=.jumbotron h1</msg>
<var>${element}</var>
<arg>css=.jumbotron h1</arg>
<doc>Returns the given values which can then be assigned to a variables.</doc>
<status status="PASS" start="2025-06-18T03:45:52.815579" elapsed="0.000562"/>
</kw>
<kw name="Wait For Elements State" owner="Browser">
<msg time="2025-06-18T03:45:57.187719" level="INFO">Waited for Element with selector css=.jumbotron h1 at state visible</msg>
<arg>${element}</arg>
<arg>visible</arg>
<arg>5</arg>
<tag>PageContent</tag>
<tag>Wait</tag>
<doc>Waits for the element found by ``selector`` to satisfy state option.</doc>
<status status="PASS" start="2025-06-18T03:45:52.816464" elapsed="4.371724"/>
</kw>
<kw name="Get Text" owner="Browser">
<msg time="2025-06-18T03:45:57.229922" level="INFO">Text: 'Bem Vindo Dawn Adkins'</msg>
<arg>${element}</arg>
<arg>equal</arg>
<arg>Bem Vindo ${name}</arg>
<tag>Assertion</tag>
<tag>Getter</tag>
<tag>PageContent</tag>
<doc>Returns text attribute of the element found by ``selector``.</doc>
<status status="PASS" start="2025-06-18T03:45:57.188862" elapsed="0.041443"/>
</kw>
<arg>${user}[nome]</arg>
<status status="PASS" start="2025-06-18T03:45:52.814719" elapsed="4.415937"/>
</kw>
<kw name="Go to products Page" owner="ProductPage">
<kw name="Go To" owner="Browser">
<msg time="2025-06-18T03:45:58.329345" level="INFO">Successfully opened URL https://compassuolfront.serverest.dev/admin/cadastrarprodutos</msg>
<arg>${BASE_URL}/admin/cadastrarprodutos</arg>
<tag>BrowserControl</tag>
<tag>Setter</tag>
<doc>Navigates to the given ``url``.</doc>
<status status="PASS" start="2025-06-18T03:45:57.232475" elapsed="1.097221"/>
</kw>
<kw name="Wait For Elements State" owner="Browser">
<msg time="2025-06-18T03:45:58.423121" level="INFO">Waited for Element with selector xpath=//h1[contains(text(), 'Cadastro de Produtos')] at state visible</msg>
<arg>xpath=//h1[contains(text(), 'Cadastro de Produtos')]</arg>
<arg>visible</arg>
<arg>10</arg>
<tag>PageContent</tag>
<tag>Wait</tag>
<doc>Waits for the element found by ``selector`` to satisfy state option.</doc>
<status status="PASS" start="2025-06-18T03:45:58.330006" elapsed="0.093576"/>
</kw>
<kw name="Get Text" owner="Browser">
<msg time="2025-06-18T03:45:58.481178" level="INFO">Text: 'Cadastro de Produtos'</msg>
<arg>xpath=//h1[contains(text(), 'Cadastro de Produtos')]</arg>
<arg>equal</arg>
<arg>Cadastro de Produtos</arg>
<tag>Assertion</tag>
<tag>Getter</tag>
<tag>PageContent</tag>
<doc>Returns text attribute of the element found by ``selector``.</doc>
<status status="PASS" start="2025-06-18T03:45:58.424157" elapsed="0.057385"/>
</kw>
<status status="PASS" start="2025-06-18T03:45:57.231408" elapsed="1.250480"/>
</kw>
<kw name="Word" owner="FakerLibrary">
<msg time="2025-06-18T03:45:58.483493" level="INFO">${name_product} = city</msg>
<var>${name_product}</var>
<doc>Generate a word.</doc>
<status status="PASS" start="2025-06-18T03:45:58.482630" elapsed="0.000972"/>
</kw>
<kw name="Random Number" owner="FakerLibrary">
<msg time="2025-06-18T03:45:58.485265" level="INFO">${price} = 3</msg>
<var>${price}</var>
<arg>1</arg>
<arg>1000</arg>
<doc>Generate a random integer according to the following rules:</doc>
<status status="PASS" start="2025-06-18T03:45:58.484108" elapsed="0.001267"/>
</kw>
<kw name="Sentence" owner="FakerLibrary">
<msg time="2025-06-18T03:45:58.487155" level="INFO">${description} = Air purpose cut participant guess.</msg>
<var>${description}</var>
<doc>Generate a sentence.</doc>
<status status="PASS" start="2025-06-18T03:45:58.485998" elapsed="0.001344"/>
</kw>
<kw name="Random Number" owner="FakerLibrary">
<msg time="2025-06-18T03:45:58.489407" level="INFO">${quantity} = 9</msg>
<var>${quantity}</var>
<arg>1</arg>
<arg>100</arg>
<doc>Generate a random integer according to the following rules:</doc>
<status status="PASS" start="2025-06-18T03:45:58.488107" elapsed="0.001493"/>
</kw>
<kw name="Create Dictionary" owner="BuiltIn">
<msg time="2025-06-18T03:45:58.492837" level="INFO">${product} = {'nome': 'city', 'preco': 3, 'descricao': 'Air purpose cut participant guess.', 'quantidade': 9}</msg>
<var>${product}</var>
<arg>nome=${name_product}</arg>
<arg>preco=${price}</arg>
<arg>descricao=${description}</arg>
<arg>quantidade=${quantity}</arg>
<doc>Creates and returns a dictionary based on the given ``items``.</doc>
<status status="PASS" start="2025-06-18T03:45:58.490492" elapsed="0.002539"/>
</kw>
<kw name="Submit products form" owner="ProductPage">
<kw name="Fill Text" owner="Browser">
<msg time="2025-06-18T03:45:58.498527" level="INFO">Fills the text 'city' in the given field.</msg>
<arg>css=input[name="nome"]</arg>
<arg>${product}[nome]</arg>
<tag>PageContent</tag>
<tag>Setter</tag>
<doc>Clears and fills the given ``txt`` into the text field found by ``selector``.</doc>
<status status="PASS" start="2025-06-18T03:45:58.496184" elapsed="0.038613"/>
</kw>
<kw name="Fill Text" owner="Browser">
<msg time="2025-06-18T03:45:58.537357" level="INFO">Fills the text '3' in the given field.</msg>
<arg>css=input[name="price"]</arg>
<arg>${product}[preco]</arg>
<tag>PageContent</tag>
<tag>Setter</tag>
<doc>Clears and fills the given ``txt`` into the text field found by ``selector``.</doc>
<status status="PASS" start="2025-06-18T03:45:58.535366" elapsed="0.025480"/>
</kw>
<kw name="Fill Text" owner="Browser">
<msg time="2025-06-18T03:45:58.561921" level="INFO">Fills the text 'Air purpose cut participant guess.' in the given field.</msg>
<arg>css=#description</arg>
<arg>${product}[descricao]</arg>
<tag>PageContent</tag>
<tag>Setter</tag>
<doc>Clears and fills the given ``txt`` into the text field found by ``selector``.</doc>
<status status="PASS" start="2025-06-18T03:45:58.561128" elapsed="0.022540"/>
</kw>
<kw name="Fill Text" owner="Browser">
<msg time="2025-06-18T03:45:58.585073" level="INFO">Fills the text '9' in the given field.</msg>
<arg>css=#quantity</arg>
<arg>${product}[quantidade]</arg>
<tag>PageContent</tag>
<tag>Setter</tag>
<doc>Clears and fills the given ``txt`` into the text field found by ``selector``.</doc>
<status status="PASS" start="2025-06-18T03:45:58.584184" elapsed="0.020105"/>
</kw>
<kw name="Click" owner="Browser">
<msg time="2025-06-18T03:45:58.605483" level="INFO">Clicks the element 'xpath=//button[text()='Cadastrar']'.</msg>
<arg>xpath=//button[text()='Cadastrar']</arg>
<tag>PageContent</tag>
<tag>Setter</tag>
<doc>Simulates mouse click on the element found by ``selector``.</doc>
<status status="PASS" start="2025-06-18T03:45:58.604621" elapsed="0.051964"/>
</kw>
<arg>&amp;{product}</arg>
<status status="PASS" start="2025-06-18T03:45:58.494133" elapsed="0.162711"/>
</kw>
<kw name="Sleep" owner="BuiltIn">
<msg time="2025-06-18T03:46:03.657891" level="INFO">Slept 5 seconds.</msg>
<arg>5</arg>
<doc>Pauses the test executed for the given time.</doc>
<status status="PASS" start="2025-06-18T03:45:58.657259" elapsed="5.001026"/>
</kw>
<kw name="Set Variable" owner="BuiltIn">
<msg time="2025-06-18T03:46:03.660601" level="INFO">${product_name} = city</msg>
<var>${product_name}</var>
<arg>${product}[nome]</arg>
<doc>Returns the given values which can then be assigned to a variables.</doc>
<status status="PASS" start="2025-06-18T03:46:03.659605" elapsed="0.001109"/>
</kw>
<kw name="Product should be listed" owner="ProductPage">
<kw name="Get Text" owner="Browser">
<msg time="2025-06-18T03:46:03.702103" level="INFO">Text: 'city'</msg>
<arg>xpath=//table[contains(@class,'table-striped')]//td[normalize-space(text())="${product_name}"]</arg>
<arg>==</arg>
<arg>${product_name}</arg>
<tag>Assertion</tag>
<tag>Getter</tag>
<tag>PageContent</tag>
<doc>Returns text attribute of the element found by ``selector``.</doc>
<status status="PASS" start="2025-06-18T03:46:03.662547" elapsed="0.039999"/>
</kw>
<arg>${product_name}</arg>
<status status="PASS" start="2025-06-18T03:46:03.661477" elapsed="0.041464"/>
</kw>
<kw name="Click" owner="Browser">
<msg time="2025-06-18T03:46:03.706147" level="INFO">Clicks the element 'xpath=//td[normalize-space(text())="city"]/following-sibling::td//button[contains(@class, 'btn-danger')]'.</msg>
<arg>xpath=//td[normalize-space(text())="${product_name}"]/following-sibling::td//button[contains(@class, 'btn-danger')]</arg>
<tag>PageContent</tag>
<tag>Setter</tag>
<doc>Simulates mouse click on the element found by ``selector``.</doc>
<status status="PASS" start="2025-06-18T03:46:03.703786" elapsed="0.062902"/>
</kw>
<kw name="Log" owner="BuiltIn">
<msg time="2025-06-18T03:46:03.768184" level="INFO">Excluindo o produto: city</msg>
<arg>Excluindo o produto: ${product_name}</arg>
<doc>Logs the given message with the given level.</doc>
<status status="PASS" start="2025-06-18T03:46:03.767304" elapsed="0.001185"/>
</kw>
<kw name="Take Screenshot" owner="Browser" type="TEARDOWN">
<msg time="2025-06-18T03:46:03.900422" level="INFO" html="true">&lt;/td&gt;&lt;/tr&gt;&lt;tr&gt;&lt;td colspan="3"&gt;&lt;a href="browser/screenshot/robotframework-browser-screenshot-3.png" target="_blank"&gt;&lt;img src="browser/screenshot/robotframework-browser-screenshot-3.png" width="800px"/&gt;&lt;/a&gt;</msg>
<tag>PageContent</tag>
<doc>Takes a screenshot of the current window or element and saves it to disk.</doc>
<status status="PASS" start="2025-06-18T03:46:03.769707" elapsed="0.130969"/>
</kw>
<msg time="2025-06-18T03:46:03.925547" level="INFO">Switching context to context=2c345792-90bf-4398-abb0-fa59b31ccece in CURRENT</msg>
<msg time="2025-06-18T03:46:03.939518" level="INFO">Successfully changed active context: context=2c345792-90bf-4398-abb0-fa59b31ccece</msg>
<msg time="2025-06-18T03:46:03.990143" level="INFO">Successfully closed Context</msg>
<status status="PASS" start="2025-06-18T03:45:49.957351" elapsed="13.943514"/>
</test>
<doc>Elementos e ações na pagina de produtos</doc>
<status status="PASS" start="2025-06-18T03:45:20.046625" elapsed="43.945022"/>
</suite>
<status status="PASS" start="2025-06-18T03:45:20.017820" elapsed="43.985193"/>
</suite>
<statistics>
<total>
<stat pass="3" fail="0" skip="0">All Tests</stat>
</total>
<tag>
</tag>
<suite>
<stat name="Products" id="s1" pass="3" fail="0" skip="0">Products</stat>
<stat name="Products" id="s1-s1" pass="3" fail="0" skip="0">Products.Products</stat>
</suite>
</statistics>
<errors>
</errors>
</robot>
